VCD info: dumpfile lcg_prng_waveform.vcd opened for output.
First PRNG Output: 180
Cycle          1: PRNG Output (Floating-point): sign_0_exponent_000_mantissa_0000
Cycle          2: PRNG Output (Floating-point): sign_1_exponent_000_mantissa_0000
Cycle          3: PRNG Output (Floating-point): sign_0_exponent_000_mantissa_0000
Cycle          4: PRNG Output (Floating-point): sign_1_exponent_110_mantissa_0001
Cycle          5: PRNG Output (Floating-point): sign_1_exponent_110_mantissa_0100
Cycle          6: PRNG Output (Floating-point): sign_1_exponent_000_mantissa_0000
Cycle          7: PRNG Output (Floating-point): sign_1_exponent_001_mantissa_0000
Cycle          8: PRNG Output (Floating-point): sign_0_exponent_010_mantissa_1000
Cycle          9: PRNG Output (Floating-point): sign_0_exponent_000_mantissa_0000
Cycle         10: PRNG Output (Floating-point): sign_0_exponent_111_mantissa_0000
Cycle         11: PRNG Output (Floating-point): sign_1_exponent_000_mantissa_1000
Cycle         12: PRNG Output (Floating-point): sign_0_exponent_101_mantissa_1100
Cycle         13: PRNG Output (Floating-point): sign_1_exponent_110_mantissa_1100
Cycle         14: PRNG Output (Floating-point): sign_1_exponent_111_mantissa_0110
Cycle         15: PRNG Output (Floating-point): sign_1_exponent_000_mantissa_0000
Cycle         16: PRNG Output (Floating-point): sign_0_exponent_000_mantissa_0110
Cycle         17: PRNG Output (Floating-point): sign_0_exponent_000_mantissa_0000
Cycle         18: PRNG Output (Floating-point): sign_0_exponent_100_mantissa_0100
Cycle         19: PRNG Output (Floating-point): sign_1_exponent_000_mantissa_0000
Cycle         20: PRNG Output (Floating-point): sign_0_exponent_000_mantissa_1000
Cycle         21: PRNG Output (Floating-point): sign_0_exponent_000_mantissa_0000
Cycle         22: PRNG Output (Floating-point): sign_0_exponent_111_mantissa_0100
Cycle         23: PRNG Output (Floating-point): sign_1_exponent_011_mantissa_1000
Cycle         24: PRNG Output (Floating-point): sign_1_exponent_100_mantissa_0000
Cycle         25: PRNG Output (Floating-point): sign_1_exponent_111_mantissa_0000
Cycle         26: PRNG Output (Floating-point): sign_1_exponent_000_mantissa_0000
Cycle         27: PRNG Output (Floating-point): sign_0_exponent_011_mantissa_1100
Cycle         28: PRNG Output (Floating-point): sign_1_exponent_111_mantissa_0010
Cycle         29: PRNG Output (Floating-point): sign_0_exponent_000_mantissa_0000
Cycle         30: PRNG Output (Floating-point): sign_0_exponent_001_mantissa_0101
Cycle         31: PRNG Output (Floating-point): sign_0_exponent_001_mantissa_0100
Cycle         32: PRNG Output (Floating-point): sign_0_exponent_001_mantissa_0011
Cycle         33: PRNG Output (Floating-point): sign_0_exponent_000_mantissa_0000
Cycle         34: PRNG Output (Floating-point): sign_0_exponent_000_mantissa_0010
Cycle         35: PRNG Output (Floating-point): sign_0_exponent_000_mantissa_1100
Cycle         36: PRNG Output (Floating-point): sign_1_exponent_100_mantissa_0000
Cycle         37: PRNG Output (Floating-point): sign_0_exponent_000_mantissa_0000
Cycle         38: PRNG Output (Floating-point): sign_0_exponent_001_mantissa_1010
Cycle         39: PRNG Output (Floating-point): sign_0_exponent_010_mantissa_0100
Cycle         40: PRNG Output (Floating-point): sign_0_exponent_011_mantissa_0110
Cycle         41: PRNG Output (Floating-point): sign_1_exponent_000_mantissa_0000
Cycle         42: PRNG Output (Floating-point): sign_0_exponent_110_mantissa_0100
Cycle         43: PRNG Output (Floating-point): sign_1_exponent_110_mantissa_0010
Cycle         44: PRNG Output (Floating-point): sign_1_exponent_110_mantissa_1001
Cycle         45: PRNG Output (Floating-point): sign_0_exponent_000_mantissa_0000
Cycle         46: PRNG Output (Floating-point): sign_0_exponent_101_mantissa_1000
Cycle         47: PRNG Output (Floating-point): sign_1_exponent_010_mantissa_0000
Cycle         48: PRNG Output (Floating-point): sign_1_exponent_001_mantissa_1000
Cycle         49: PRNG Output (Floating-point): sign_0_exponent_000_mantissa_0000
Cycle         50: PRNG Output (Floating-point): sign_1_exponent_110_mantissa_1111
Cycle         51: PRNG Output (Floating-point): sign_0_exponent_110_mantissa_0000
Cycle         52: PRNG Output (Floating-point): sign_0_exponent_011_mantissa_1110
Cycle         53: PRNG Output (Floating-point): sign_1_exponent_110_mantissa_1000
Cycle         54: PRNG Output (Floating-point): sign_1_exponent_110_mantissa_0011
Cycle         55: PRNG Output (Floating-point): sign_1_exponent_110_mantissa_1110
Cycle         56: PRNG Output (Floating-point): sign_1_exponent_011_mantissa_0000
Cycle         57: PRNG Output (Floating-point): sign_1_exponent_100_mantissa_0000
Cycle         58: PRNG Output (Floating-point): sign_0_exponent_001_mantissa_0010
Cycle         59: PRNG Output (Floating-point): sign_0_exponent_000_mantissa_0000
Cycle         60: PRNG Output (Floating-point): sign_0_exponent_100_mantissa_1000
Cycle         61: PRNG Output (Floating-point): sign_1_exponent_111_mantissa_1000
Cycle         62: PRNG Output (Floating-point): sign_1_exponent_100_mantissa_0000
Cycle         63: PRNG Output (Floating-point): sign_0_exponent_011_mantissa_0000
Cycle         64: PRNG Output (Floating-point): sign_0_exponent_100_mantissa_0000
Cycle         65: PRNG Output (Floating-point): sign_1_exponent_000_mantissa_0000
Cycle         66: PRNG Output (Floating-point): sign_1_exponent_000_mantissa_1000
Cycle         67: PRNG Output (Floating-point): sign_0_exponent_101_mantissa_0000
Cycle         68: PRNG Output (Floating-point): sign_1_exponent_111_mantissa_0000
Cycle         69: PRNG Output (Floating-point): sign_1_exponent_100_mantissa_0000
Cycle         70: PRNG Output (Floating-point): sign_1_exponent_110_mantissa_1000
Cycle         71: PRNG Output (Floating-point): sign_0_exponent_000_mantissa_0000
Cycle         72: PRNG Output (Floating-point): sign_1_exponent_000_mantissa_0000
Cycle         73: PRNG Output (Floating-point): sign_0_exponent_110_mantissa_0000
Cycle         74: PRNG Output (Floating-point): sign_1_exponent_110_mantissa_0111
Cycle         75: PRNG Output (Floating-point): sign_1_exponent_000_mantissa_0000
Cycle         76: PRNG Output (Floating-point): sign_1_exponent_100_mantissa_0000
Cycle         77: PRNG Output (Floating-point): sign_0_exponent_100_mantissa_0000
Cycle         78: PRNG Output (Floating-point): sign_0_exponent_010_mantissa_1010
Cycle         79: PRNG Output (Floating-point): sign_0_exponent_110_mantissa_1000
Cycle         80: PRNG Output (Floating-point): sign_1_exponent_101_mantissa_1010
Cycle         81: PRNG Output (Floating-point): sign_1_exponent_100_mantissa_0000
Cycle         82: PRNG Output (Floating-point): sign_0_exponent_100_mantissa_0000
Cycle         83: PRNG Output (Floating-point): sign_0_exponent_101_mantissa_1000
Cycle         84: PRNG Output (Floating-point): sign_1_exponent_000_mantissa_0000
Cycle         85: PRNG Output (Floating-point): sign_1_exponent_110_mantissa_0000
Cycle         86: PRNG Output (Floating-point): sign_0_exponent_100_mantissa_0000
Cycle         87: PRNG Output (Floating-point): sign_1_exponent_000_mantissa_0000
Cycle         88: PRNG Output (Floating-point): sign_1_exponent_001_mantissa_0100
Cycle         89: PRNG Output (Floating-point): sign_0_exponent_011_mantissa_0000
Cycle         90: PRNG Output (Floating-point): sign_1_exponent_100_mantissa_1000
Cycle         91: PRNG Output (Floating-point): sign_0_exponent_001_mantissa_1100
Cycle         92: PRNG Output (Floating-point): sign_0_exponent_010_mantissa_1110
Cycle         93: PRNG Output (Floating-point): sign_1_exponent_010_mantissa_0000
Cycle         94: PRNG Output (Floating-point): sign_1_exponent_011_mantissa_0000
Cycle         95: PRNG Output (Floating-point): sign_1_exponent_100_mantissa_1100
Cycle         96: PRNG Output (Floating-point): sign_1_exponent_101_mantissa_0000
Cycle         97: PRNG Output (Floating-point): sign_1_exponent_110_mantissa_0000
Cycle         98: PRNG Output (Floating-point): sign_1_exponent_101_mantissa_1110
Cycle         99: PRNG Output (Floating-point): sign_1_exponent_101_mantissa_0100
Cycle        100: PRNG Output (Floating-point): sign_1_exponent_000_mantissa_0100
Cycle        101: PRNG Output (Floating-point): sign_0_exponent_111_mantissa_0000
Cycle        102: PRNG Output (Floating-point): sign_1_exponent_100_mantissa_0110
Cycle        103: PRNG Output (Floating-point): sign_0_exponent_000_mantissa_0100
Cycle        104: PRNG Output (Floating-point): sign_0_exponent_001_mantissa_0110
Cycle        105: PRNG Output (Floating-point): sign_0_exponent_001_mantissa_1000
Cycle        106: PRNG Output (Floating-point): sign_0_exponent_100_mantissa_0000
Cycle        107: PRNG Output (Floating-point): sign_1_exponent_110_mantissa_0000
Cycle        108: PRNG Output (Floating-point): sign_0_exponent_111_mantissa_0000
Cycle        109: PRNG Output (Floating-point): sign_0_exponent_101_mantissa_0000
Cycle        110: PRNG Output (Floating-point): sign_1_exponent_000_mantissa_0000
Cycle        111: PRNG Output (Floating-point): sign_0_exponent_001_mantissa_1010
Cycle        112: PRNG Output (Floating-point): sign_1_exponent_000_mantissa_0000
Cycle        113: PRNG Output (Floating-point): sign_1_exponent_111_mantissa_0000
Cycle        114: PRNG Output (Floating-point): sign_0_exponent_001_mantissa_0000
Cycle        115: PRNG Output (Floating-point): sign_0_exponent_001_mantissa_0110
Cycle        116: PRNG Output (Floating-point): sign_0_exponent_001_mantissa_1110
Cycle        117: PRNG Output (Floating-point): sign_0_exponent_011_mantissa_1000
Cycle        118: PRNG Output (Floating-point): sign_1_exponent_101_mantissa_0000
Cycle        119: PRNG Output (Floating-point): sign_0_exponent_010_mantissa_0000
Cycle        120: PRNG Output (Floating-point): sign_0_exponent_001_mantissa_1011
Cycle        121: PRNG Output (Floating-point): sign_0_exponent_000_mantissa_0000
Cycle        122: PRNG Output (Floating-point): sign_1_exponent_100_mantissa_1110
Cycle        123: PRNG Output (Floating-point): sign_0_exponent_001_mantissa_0000
Cycle        124: PRNG Output (Floating-point): sign_1_exponent_000_mantissa_0000
Cycle        125: PRNG Output (Floating-point): sign_0_exponent_010_mantissa_1000
Cycle        126: PRNG Output (Floating-point): sign_0_exponent_101_mantissa_0100
Cycle        127: PRNG Output (Floating-point): sign_0_exponent_000_mantissa_0000
Cycle        128: PRNG Output (Floating-point): sign_0_exponent_100_mantissa_1100
Cycle        129: PRNG Output (Floating-point): sign_0_exponent_000_mantissa_0000
Cycle        130: PRNG Output (Floating-point): sign_1_exponent_000_mantissa_0000
Cycle        131: PRNG Output (Floating-point): sign_0_exponent_000_mantissa_0000
Cycle        132: PRNG Output (Floating-point): sign_0_exponent_001_mantissa_1111
Cycle        133: PRNG Output (Floating-point): sign_0_exponent_001_mantissa_1100
Cycle        134: PRNG Output (Floating-point): sign_1_exponent_000_mantissa_0000
Cycle        135: PRNG Output (Floating-point): sign_0_exponent_111_mantissa_0000
Cycle        136: PRNG Output (Floating-point): sign_1_exponent_101_mantissa_1000
Cycle        137: PRNG Output (Floating-point): sign_0_exponent_000_mantissa_0000
Cycle        138: PRNG Output (Floating-point): sign_1_exponent_001_mantissa_0000
Cycle        139: PRNG Output (Floating-point): sign_0_exponent_111_mantissa_1000
Cycle        140: PRNG Output (Floating-point): sign_1_exponent_010_mantissa_0100
Cycle        141: PRNG Output (Floating-point): sign_0_exponent_001_mantissa_0100
Cycle        142: PRNG Output (Floating-point): sign_0_exponent_000_mantissa_1010
Cycle        143: PRNG Output (Floating-point): sign_1_exponent_000_mantissa_0000
Cycle        144: PRNG Output (Floating-point): sign_1_exponent_111_mantissa_1010
Cycle        145: PRNG Output (Floating-point): sign_0_exponent_000_mantissa_0000
Cycle        146: PRNG Output (Floating-point): sign_1_exponent_011_mantissa_1100
Cycle        147: PRNG Output (Floating-point): sign_1_exponent_000_mantissa_0000
Cycle        148: PRNG Output (Floating-point): sign_1_exponent_111_mantissa_1000
Cycle        149: PRNG Output (Floating-point): sign_0_exponent_000_mantissa_0000
Cycle        150: PRNG Output (Floating-point): sign_1_exponent_000_mantissa_1100
Cycle        151: PRNG Output (Floating-point): sign_0_exponent_100_mantissa_1000
Cycle        152: PRNG Output (Floating-point): sign_0_exponent_100_mantissa_0000
Cycle        153: PRNG Output (Floating-point): sign_0_exponent_001_mantissa_0000
Cycle        154: PRNG Output (Floating-point): sign_1_exponent_000_mantissa_0000
Cycle        155: PRNG Output (Floating-point): sign_1_exponent_100_mantissa_0100
Cycle        156: PRNG Output (Floating-point): sign_0_exponent_000_mantissa_1110
Cycle        157: PRNG Output (Floating-point): sign_0_exponent_000_mantissa_0000
Cycle        158: PRNG Output (Floating-point): sign_1_exponent_110_mantissa_1011
Cycle        159: PRNG Output (Floating-point): sign_1_exponent_110_mantissa_1100
Cycle        160: PRNG Output (Floating-point): sign_1_exponent_110_mantissa_1101
Cycle        161: PRNG Output (Floating-point): sign_0_exponent_000_mantissa_0000
Cycle        162: PRNG Output (Floating-point): sign_1_exponent_111_mantissa_1110
Cycle        163: PRNG Output (Floating-point): sign_1_exponent_111_mantissa_0100
Cycle        164: PRNG Output (Floating-point): sign_0_exponent_100_mantissa_0000
Cycle        165: PRNG Output (Floating-point): sign_0_exponent_000_mantissa_0000
Cycle        166: PRNG Output (Floating-point): sign_1_exponent_110_mantissa_0110
Cycle        167: PRNG Output (Floating-point): sign_1_exponent_101_mantissa_1100
Cycle        168: PRNG Output (Floating-point): sign_1_exponent_100_mantissa_1010
Cycle        169: PRNG Output (Floating-point): sign_1_exponent_000_mantissa_0000
Cycle        170: PRNG Output (Floating-point): sign_1_exponent_001_mantissa_1100
Cycle        171: PRNG Output (Floating-point): sign_0_exponent_001_mantissa_1110
Cycle        172: PRNG Output (Floating-point): sign_0_exponent_001_mantissa_0111
Cycle        173: PRNG Output (Floating-point): sign_0_exponent_000_mantissa_0000
Cycle        174: PRNG Output (Floating-point): sign_1_exponent_010_mantissa_1000
Cycle        175: PRNG Output (Floating-point): sign_0_exponent_110_mantissa_0000
Cycle        176: PRNG Output (Floating-point): sign_0_exponent_110_mantissa_1000
Cycle        177: PRNG Output (Floating-point): sign_0_exponent_000_mantissa_0000
Cycle        178: PRNG Output (Floating-point): sign_0_exponent_001_mantissa_0001
Cycle        179: PRNG Output (Floating-point): sign_1_exponent_010_mantissa_0000
Cycle        180: PRNG Output (Floating-point): sign_1_exponent_100_mantissa_0010
Cycle        181: PRNG Output (Floating-point): sign_0_exponent_001_mantissa_1000
Cycle        182: PRNG Output (Floating-point): sign_0_exponent_001_mantissa_1101
Cycle        183: PRNG Output (Floating-point): sign_0_exponent_001_mantissa_0010
Cycle        184: PRNG Output (Floating-point): sign_0_exponent_101_mantissa_0000
Cycle        185: PRNG Output (Floating-point): sign_0_exponent_100_mantissa_0000
Cycle        186: PRNG Output (Floating-point): sign_1_exponent_110_mantissa_1110
Cycle        187: PRNG Output (Floating-point): sign_0_exponent_000_mantissa_0000
Cycle        188: PRNG Output (Floating-point): sign_1_exponent_011_mantissa_1000
Cycle        189: PRNG Output (Floating-point): sign_0_exponent_000_mantissa_1000
Cycle        190: PRNG Output (Floating-point): sign_0_exponent_100_mantissa_0000
Cycle        191: PRNG Output (Floating-point): sign_1_exponent_101_mantissa_0000
Cycle        192: PRNG Output (Floating-point): sign_1_exponent_100_mantissa_0000
Cycle        193: PRNG Output (Floating-point): sign_1_exponent_000_mantissa_0000
Cycle        194: PRNG Output (Floating-point): sign_0_exponent_111_mantissa_1000
Cycle        195: PRNG Output (Floating-point): sign_1_exponent_011_mantissa_0000
Cycle        196: PRNG Output (Floating-point): sign_0_exponent_001_mantissa_0000
Cycle        197: PRNG Output (Floating-point): sign_0_exponent_100_mantissa_0000
Cycle        198: PRNG Output (Floating-point): sign_0_exponent_001_mantissa_1000
Cycle        199: PRNG Output (Floating-point): sign_0_exponent_000_mantissa_0000
Cycle        200: PRNG Output (Floating-point): sign_1_exponent_000_mantissa_0000
Cycle        201: PRNG Output (Floating-point): sign_1_exponent_010_mantissa_0000
Cycle        202: PRNG Output (Floating-point): sign_0_exponent_001_mantissa_1001
Cycle        203: PRNG Output (Floating-point): sign_1_exponent_000_mantissa_0000
Cycle        204: PRNG Output (Floating-point): sign_0_exponent_100_mantissa_0000
Cycle        205: PRNG Output (Floating-point): sign_1_exponent_100_mantissa_0000
Cycle        206: PRNG Output (Floating-point): sign_1_exponent_101_mantissa_0110
Cycle        207: PRNG Output (Floating-point): sign_1_exponent_001_mantissa_1000
Cycle        208: PRNG Output (Floating-point): sign_0_exponent_010_mantissa_0110
Cycle        209: PRNG Output (Floating-point): sign_0_exponent_100_mantissa_0000
Cycle        210: PRNG Output (Floating-point): sign_1_exponent_100_mantissa_0000
Cycle        211: PRNG Output (Floating-point): sign_1_exponent_010_mantissa_1000
Cycle        212: PRNG Output (Floating-point): sign_1_exponent_000_mantissa_0000
Cycle        213: PRNG Output (Floating-point): sign_0_exponent_010_mantissa_0000
Cycle        214: PRNG Output (Floating-point): sign_1_exponent_100_mantissa_0000
Cycle        215: PRNG Output (Floating-point): sign_1_exponent_000_mantissa_0000
Cycle        216: PRNG Output (Floating-point): sign_0_exponent_110_mantissa_1100
Cycle        217: PRNG Output (Floating-point): sign_1_exponent_101_mantissa_0000
Cycle        218: PRNG Output (Floating-point): sign_0_exponent_011_mantissa_1000
Cycle        219: PRNG Output (Floating-point): sign_1_exponent_110_mantissa_0100
Cycle        220: PRNG Output (Floating-point): sign_1_exponent_101_mantissa_0010
Cycle        221: PRNG Output (Floating-point): sign_0_exponent_110_mantissa_0000
Cycle        222: PRNG Output (Floating-point): sign_0_exponent_101_mantissa_0000
Cycle        223: PRNG Output (Floating-point): sign_0_exponent_011_mantissa_0100
Cycle        224: PRNG Output (Floating-point): sign_0_exponent_011_mantissa_0000
Cycle        225: PRNG Output (Floating-point): sign_0_exponent_010_mantissa_0000
Cycle        226: PRNG Output (Floating-point): sign_0_exponent_010_mantissa_0010
Cycle        227: PRNG Output (Floating-point): sign_0_exponent_010_mantissa_1100
Cycle        228: PRNG Output (Floating-point): sign_0_exponent_111_mantissa_1100
Cycle        229: PRNG Output (Floating-point): sign_1_exponent_001_mantissa_0000
Cycle        230: PRNG Output (Floating-point): sign_0_exponent_011_mantissa_1010
Cycle        231: PRNG Output (Floating-point): sign_1_exponent_111_mantissa_1100
Cycle        232: PRNG Output (Floating-point): sign_1_exponent_110_mantissa_1010
Cycle        233: PRNG Output (Floating-point): sign_1_exponent_110_mantissa_1000
Cycle        234: PRNG Output (Floating-point): sign_1_exponent_100_mantissa_0000
Cycle        235: PRNG Output (Floating-point): sign_0_exponent_010_mantissa_0000
Cycle        236: PRNG Output (Floating-point): sign_1_exponent_001_mantissa_0000
Cycle        237: PRNG Output (Floating-point): sign_1_exponent_011_mantissa_0000
Cycle        238: PRNG Output (Floating-point): sign_1_exponent_000_mantissa_0000
Cycle        239: PRNG Output (Floating-point): sign_1_exponent_110_mantissa_0110
Cycle        240: PRNG Output (Floating-point): sign_1_exponent_000_mantissa_0000
Cycle        241: PRNG Output (Floating-point): sign_0_exponent_001_mantissa_0000
Cycle        242: PRNG Output (Floating-point): sign_1_exponent_111_mantissa_0000
Cycle        243: PRNG Output (Floating-point): sign_1_exponent_110_mantissa_1010
Cycle        244: PRNG Output (Floating-point): sign_1_exponent_110_mantissa_0010
Cycle        245: PRNG Output (Floating-point): sign_1_exponent_100_mantissa_1000
Cycle        246: PRNG Output (Floating-point): sign_0_exponent_011_mantissa_0000
Cycle        247: PRNG Output (Floating-point): sign_1_exponent_110_mantissa_0000
Cycle        248: PRNG Output (Floating-point): sign_1_exponent_110_mantissa_0101
Cycle        249: PRNG Output (Floating-point): sign_0_exponent_000_mantissa_0000
Cycle        250: PRNG Output (Floating-point): sign_0_exponent_011_mantissa_0010
Cycle        251: PRNG Output (Floating-point): sign_1_exponent_111_mantissa_0000
Cycle        252: PRNG Output (Floating-point): sign_1_exponent_000_mantissa_0000
Cycle        253: PRNG Output (Floating-point): sign_1_exponent_101_mantissa_1000
Cycle        254: PRNG Output (Floating-point): sign_1_exponent_010_mantissa_1100
Cycle        255: PRNG Output (Floating-point): sign_0_exponent_000_mantissa_0000
Cycle        256: PRNG Output (Floating-point): sign_1_exponent_011_mantissa_0100
PRNG Output repeats after        256 cycles at time                 2650
