VCD info: dumpfile lcg_prng_waveform.vcd opened for output.
First PRNG_MT8 Output: 208
Cycle          1: PRNG_MT8 Output (Floating-point): sign_1_exponent_101_mantissa_1101
Cycle          2: PRNG_MT8 Output (Floating-point): sign_0_exponent_100_mantissa_0010
Cycle          3: PRNG_MT8 Output (Floating-point): sign_0_exponent_101_mantissa_1010
Cycle          4: PRNG_MT8 Output (Floating-point): sign_1_exponent_100_mantissa_0000
Cycle          5: PRNG_MT8 Output (Floating-point): sign_1_exponent_101_mantissa_1110
Cycle          6: PRNG_MT8 Output (Floating-point): sign_1_exponent_011_mantissa_1101
Cycle          7: PRNG_MT8 Output (Floating-point): sign_1_exponent_000_mantissa_0010
Cycle          8: PRNG_MT8 Output (Floating-point): sign_1_exponent_111_mantissa_0111
Cycle          9: PRNG_MT8 Output (Floating-point): sign_1_exponent_100_mantissa_0011
Cycle         10: PRNG_MT8 Output (Floating-point): sign_0_exponent_011_mantissa_1011
Cycle         11: PRNG_MT8 Output (Floating-point): sign_0_exponent_101_mantissa_1101
Cycle         12: PRNG_MT8 Output (Floating-point): sign_1_exponent_001_mantissa_0011
Cycle         13: PRNG_MT8 Output (Floating-point): sign_1_exponent_110_mantissa_1101
Cycle         14: PRNG_MT8 Output (Floating-point): sign_0_exponent_111_mantissa_1000
Cycle         15: PRNG_MT8 Output (Floating-point): sign_1_exponent_000_mantissa_1000
Cycle         16: PRNG_MT8 Output (Floating-point): sign_0_exponent_110_mantissa_0001
Cycle         17: PRNG_MT8 Output (Floating-point): sign_1_exponent_011_mantissa_1100
Cycle         18: PRNG_MT8 Output (Floating-point): sign_1_exponent_100_mantissa_0000
Cycle         19: PRNG_MT8 Output (Floating-point): sign_0_exponent_100_mantissa_0011
Cycle         20: PRNG_MT8 Output (Floating-point): sign_1_exponent_110_mantissa_1011
Cycle         21: PRNG_MT8 Output (Floating-point): sign_0_exponent_010_mantissa_1110
Cycle         22: PRNG_MT8 Output (Floating-point): sign_1_exponent_111_mantissa_1101
Cycle         23: PRNG_MT8 Output (Floating-point): sign_1_exponent_010_mantissa_0011
Cycle         24: PRNG_MT8 Output (Floating-point): sign_1_exponent_011_mantissa_1101
Cycle         25: PRNG_MT8 Output (Floating-point): sign_0_exponent_101_mantissa_1111
Cycle         26: PRNG_MT8 Output (Floating-point): sign_1_exponent_001_mantissa_0010
Cycle         27: PRNG_MT8 Output (Floating-point): sign_0_exponent_001_mantissa_1101
Cycle         28: PRNG_MT8 Output (Floating-point): sign_0_exponent_011_mantissa_0111
Cycle         29: PRNG_MT8 Output (Floating-point): sign_1_exponent_001_mantissa_0011
Cycle         30: PRNG_MT8 Output (Floating-point): sign_0_exponent_110_mantissa_1011
Cycle         31: PRNG_MT8 Output (Floating-point): sign_0_exponent_010_mantissa_0111
Cycle         32: PRNG_MT8 Output (Floating-point): sign_0_exponent_111_mantissa_1001
Cycle         33: PRNG_MT8 Output (Floating-point): sign_0_exponent_110_mantissa_1010
Cycle         34: PRNG_MT8 Output (Floating-point): sign_1_exponent_110_mantissa_1101
Cycle         35: PRNG_MT8 Output (Floating-point): sign_0_exponent_101_mantissa_0001
Cycle         36: PRNG_MT8 Output (Floating-point): sign_1_exponent_101_mantissa_0010
Cycle         37: PRNG_MT8 Output (Floating-point): sign_1_exponent_110_mantissa_1011
Cycle         38: PRNG_MT8 Output (Floating-point): sign_1_exponent_011_mantissa_0111
Cycle         39: PRNG_MT8 Output (Floating-point): sign_1_exponent_001_mantissa_0110
Cycle         40: PRNG_MT8 Output (Floating-point): sign_1_exponent_101_mantissa_1011
Cycle         41: PRNG_MT8 Output (Floating-point): sign_1_exponent_011_mantissa_0000
Cycle         42: PRNG_MT8 Output (Floating-point): sign_0_exponent_010_mantissa_1111
Cycle         43: PRNG_MT8 Output (Floating-point): sign_0_exponent_111_mantissa_0001
Cycle         44: PRNG_MT8 Output (Floating-point): sign_1_exponent_101_mantissa_1111
Cycle         45: PRNG_MT8 Output (Floating-point): sign_0_exponent_011_mantissa_0110
Cycle         46: PRNG_MT8 Output (Floating-point): sign_0_exponent_101_mantissa_0011
Cycle         47: PRNG_MT8 Output (Floating-point): sign_1_exponent_101_mantissa_1101
Cycle         48: PRNG_MT8 Output (Floating-point): sign_1_exponent_101_mantissa_1010
Cycle         49: PRNG_MT8 Output (Floating-point): sign_0_exponent_110_mantissa_1100
Cycle         50: PRNG_MT8 Output (Floating-point): sign_1_exponent_001_mantissa_0101
Cycle         51: PRNG_MT8 Output (Floating-point): sign_1_exponent_101_mantissa_1000
Cycle         52: PRNG_MT8 Output (Floating-point): sign_1_exponent_100_mantissa_1011
Cycle         53: PRNG_MT8 Output (Floating-point): sign_1_exponent_111_mantissa_0101
Cycle         54: PRNG_MT8 Output (Floating-point): sign_0_exponent_111_mantissa_1000
Cycle         55: PRNG_MT8 Output (Floating-point): sign_1_exponent_100_mantissa_0010
Cycle         56: PRNG_MT8 Output (Floating-point): sign_1_exponent_111_mantissa_1101
Cycle         57: PRNG_MT8 Output (Floating-point): sign_1_exponent_000_mantissa_1001
Cycle         58: PRNG_MT8 Output (Floating-point): sign_1_exponent_101_mantissa_0011
Cycle         59: PRNG_MT8 Output (Floating-point): sign_1_exponent_111_mantissa_0100
Cycle         60: PRNG_MT8 Output (Floating-point): sign_1_exponent_001_mantissa_1111
Cycle         61: PRNG_MT8 Output (Floating-point): sign_0_exponent_100_mantissa_1001
Cycle         62: PRNG_MT8 Output (Floating-point): sign_1_exponent_101_mantissa_1101
Cycle         63: PRNG_MT8 Output (Floating-point): sign_1_exponent_001_mantissa_1011
Cycle         64: PRNG_MT8 Output (Floating-point): sign_0_exponent_110_mantissa_1011
Cycle         65: PRNG_MT8 Output (Floating-point): sign_1_exponent_010_mantissa_0100
Cycle         66: PRNG_MT8 Output (Floating-point): sign_1_exponent_101_mantissa_1000
Cycle         67: PRNG_MT8 Output (Floating-point): sign_0_exponent_110_mantissa_1110
Cycle         68: PRNG_MT8 Output (Floating-point): sign_1_exponent_111_mantissa_1001
Cycle         69: PRNG_MT8 Output (Floating-point): sign_0_exponent_001_mantissa_0111
Cycle         70: PRNG_MT8 Output (Floating-point): sign_1_exponent_100_mantissa_0011
Cycle         71: PRNG_MT8 Output (Floating-point): sign_1_exponent_110_mantissa_1001
Cycle         72: PRNG_MT8 Output (Floating-point): sign_1_exponent_001_mantissa_0111
Cycle         73: PRNG_MT8 Output (Floating-point): sign_0_exponent_011_mantissa_1001
Cycle         74: PRNG_MT8 Output (Floating-point): sign_1_exponent_111_mantissa_0100
Cycle         75: PRNG_MT8 Output (Floating-point): sign_1_exponent_010_mantissa_0000
Cycle         76: PRNG_MT8 Output (Floating-point): sign_0_exponent_111_mantissa_1010
Cycle         77: PRNG_MT8 Output (Floating-point): sign_0_exponent_111_mantissa_1011
Cycle         78: PRNG_MT8 Output (Floating-point): sign_1_exponent_001_mantissa_1101
Cycle         79: PRNG_MT8 Output (Floating-point): sign_0_exponent_001_mantissa_1111
Cycle         80: PRNG_MT8 Output (Floating-point): sign_1_exponent_101_mantissa_1010
Cycle         81: PRNG_MT8 Output (Floating-point): sign_1_exponent_100_mantissa_1001
Cycle         82: PRNG_MT8 Output (Floating-point): sign_0_exponent_110_mantissa_1110
Cycle         83: PRNG_MT8 Output (Floating-point): sign_0_exponent_010_mantissa_1001
Cycle         84: PRNG_MT8 Output (Floating-point): sign_1_exponent_101_mantissa_0100
Cycle         85: PRNG_MT8 Output (Floating-point): sign_1_exponent_111_mantissa_0010
Cycle         86: PRNG_MT8 Output (Floating-point): sign_1_exponent_111_mantissa_0001
Cycle         87: PRNG_MT8 Output (Floating-point): sign_0_exponent_101_mantissa_1001
Cycle         88: PRNG_MT8 Output (Floating-point): sign_1_exponent_101_mantissa_1100
Cycle         89: PRNG_MT8 Output (Floating-point): sign_1_exponent_001_mantissa_0110
Cycle         90: PRNG_MT8 Output (Floating-point): sign_1_exponent_000_mantissa_0000
Cycle         91: PRNG_MT8 Output (Floating-point): sign_1_exponent_000_mantissa_1101
Cycle         92: PRNG_MT8 Output (Floating-point): sign_1_exponent_100_mantissa_0110
Cycle         93: PRNG_MT8 Output (Floating-point): sign_0_exponent_111_mantissa_0110
Cycle         94: PRNG_MT8 Output (Floating-point): sign_0_exponent_101_mantissa_1000
Cycle         95: PRNG_MT8 Output (Floating-point): sign_0_exponent_101_mantissa_0011
Cycle         96: PRNG_MT8 Output (Floating-point): sign_1_exponent_110_mantissa_0100
Cycle         97: PRNG_MT8 Output (Floating-point): sign_1_exponent_101_mantissa_1101
Cycle         98: PRNG_MT8 Output (Floating-point): sign_1_exponent_000_mantissa_0000
Cycle         99: PRNG_MT8 Output (Floating-point): sign_1_exponent_001_mantissa_0101
Cycle        100: PRNG_MT8 Output (Floating-point): sign_1_exponent_010_mantissa_1010
Cycle        101: PRNG_MT8 Output (Floating-point): sign_1_exponent_100_mantissa_0111
Cycle        102: PRNG_MT8 Output (Floating-point): sign_0_exponent_101_mantissa_0101
Cycle        103: PRNG_MT8 Output (Floating-point): sign_0_exponent_111_mantissa_1001
Cycle        104: PRNG_MT8 Output (Floating-point): sign_0_exponent_000_mantissa_1011
Cycle        105: PRNG_MT8 Output (Floating-point): sign_1_exponent_110_mantissa_0011
Cycle        106: PRNG_MT8 Output (Floating-point): sign_1_exponent_000_mantissa_0000
Cycle        107: PRNG_MT8 Output (Floating-point): sign_1_exponent_101_mantissa_0011
Cycle        108: PRNG_MT8 Output (Floating-point): sign_0_exponent_000_mantissa_0010
Cycle        109: PRNG_MT8 Output (Floating-point): sign_1_exponent_010_mantissa_1100
Cycle        110: PRNG_MT8 Output (Floating-point): sign_0_exponent_100_mantissa_0000
Cycle        111: PRNG_MT8 Output (Floating-point): sign_1_exponent_101_mantissa_1011
Cycle        112: PRNG_MT8 Output (Floating-point): sign_0_exponent_000_mantissa_1101
Cycle        113: PRNG_MT8 Output (Floating-point): sign_0_exponent_001_mantissa_0101
Cycle        114: PRNG_MT8 Output (Floating-point): sign_1_exponent_010_mantissa_0001
Cycle        115: PRNG_MT8 Output (Floating-point): sign_1_exponent_101_mantissa_1000
Cycle        116: PRNG_MT8 Output (Floating-point): sign_0_exponent_000_mantissa_1001
Cycle        117: PRNG_MT8 Output (Floating-point): sign_0_exponent_011_mantissa_1010
Cycle        118: PRNG_MT8 Output (Floating-point): sign_0_exponent_001_mantissa_0010
Cycle        119: PRNG_MT8 Output (Floating-point): sign_1_exponent_101_mantissa_1011
Cycle        120: PRNG_MT8 Output (Floating-point): sign_0_exponent_001_mantissa_0101
Cycle        121: PRNG_MT8 Output (Floating-point): sign_0_exponent_111_mantissa_0010
Cycle        122: PRNG_MT8 Output (Floating-point): sign_0_exponent_010_mantissa_1111
Cycle        123: PRNG_MT8 Output (Floating-point): sign_1_exponent_101_mantissa_0100
Cycle        124: PRNG_MT8 Output (Floating-point): sign_0_exponent_010_mantissa_0100
Cycle        125: PRNG_MT8 Output (Floating-point): sign_1_exponent_100_mantissa_0111
Cycle        126: PRNG_MT8 Output (Floating-point): sign_0_exponent_100_mantissa_1100
Cycle        127: PRNG_MT8 Output (Floating-point): sign_1_exponent_101_mantissa_1010
Cycle        128: PRNG_MT8 Output (Floating-point): sign_0_exponent_101_mantissa_0011
Cycle        129: PRNG_MT8 Output (Floating-point): sign_1_exponent_111_mantissa_0111
Cycle        130: PRNG_MT8 Output (Floating-point): sign_1_exponent_011_mantissa_0100
Cycle        131: PRNG_MT8 Output (Floating-point): sign_1_exponent_100_mantissa_0111
Cycle        132: PRNG_MT8 Output (Floating-point): sign_1_exponent_001_mantissa_1000
Cycle        133: PRNG_MT8 Output (Floating-point): sign_1_exponent_000_mantissa_1100
Cycle        134: PRNG_MT8 Output (Floating-point): sign_0_exponent_010_mantissa_0001
Cycle        135: PRNG_MT8 Output (Floating-point): sign_1_exponent_111_mantissa_1101
Cycle        136: PRNG_MT8 Output (Floating-point): sign_0_exponent_111_mantissa_1000
Cycle        137: PRNG_MT8 Output (Floating-point): sign_0_exponent_100_mantissa_0001
Cycle        138: PRNG_MT8 Output (Floating-point): sign_0_exponent_101_mantissa_1100
Cycle        139: PRNG_MT8 Output (Floating-point): sign_1_exponent_000_mantissa_1101
Cycle        140: PRNG_MT8 Output (Floating-point): sign_1_exponent_100_mantissa_0111
Cycle        141: PRNG_MT8 Output (Floating-point): sign_1_exponent_011_mantissa_0010
Cycle        142: PRNG_MT8 Output (Floating-point): sign_1_exponent_000_mantissa_1110
Cycle        143: PRNG_MT8 Output (Floating-point): sign_0_exponent_100_mantissa_1011
Cycle        144: PRNG_MT8 Output (Floating-point): sign_1_exponent_111_mantissa_1101
Cycle        145: PRNG_MT8 Output (Floating-point): sign_0_exponent_011_mantissa_0100
Cycle        146: PRNG_MT8 Output (Floating-point): sign_0_exponent_100_mantissa_0100
Cycle        147: PRNG_MT8 Output (Floating-point): sign_1_exponent_011_mantissa_0100
Cycle        148: PRNG_MT8 Output (Floating-point): sign_1_exponent_000_mantissa_1101
Cycle        149: PRNG_MT8 Output (Floating-point): sign_0_exponent_110_mantissa_0100
Cycle        150: PRNG_MT8 Output (Floating-point): sign_1_exponent_011_mantissa_1011
Cycle        151: PRNG_MT8 Output (Floating-point): sign_0_exponent_011_mantissa_1110
Cycle        152: PRNG_MT8 Output (Floating-point): sign_0_exponent_100_mantissa_1010
Cycle        153: PRNG_MT8 Output (Floating-point): sign_1_exponent_111_mantissa_1101
Cycle        154: PRNG_MT8 Output (Floating-point): sign_0_exponent_010_mantissa_0011
Cycle        155: PRNG_MT8 Output (Floating-point): sign_0_exponent_111_mantissa_1100
Cycle        156: PRNG_MT8 Output (Floating-point): sign_1_exponent_011_mantissa_0101
Cycle        157: PRNG_MT8 Output (Floating-point): sign_1_exponent_000_mantissa_1010
Cycle        158: PRNG_MT8 Output (Floating-point): sign_0_exponent_100_mantissa_0000
Cycle        159: PRNG_MT8 Output (Floating-point): sign_1_exponent_101_mantissa_0111
Cycle        160: PRNG_MT8 Output (Floating-point): sign_0_exponent_011_mantissa_1001
Cycle        161: PRNG_MT8 Output (Floating-point): sign_0_exponent_100_mantissa_1011
Cycle        162: PRNG_MT8 Output (Floating-point): sign_1_exponent_010_mantissa_0111
Cycle        163: PRNG_MT8 Output (Floating-point): sign_1_exponent_100_mantissa_1101
Cycle        164: PRNG_MT8 Output (Floating-point): sign_0_exponent_111_mantissa_1011
Cycle        165: PRNG_MT8 Output (Floating-point): sign_1_exponent_010_mantissa_1011
Cycle        166: PRNG_MT8 Output (Floating-point): sign_0_exponent_001_mantissa_0011
Cycle        167: PRNG_MT8 Output (Floating-point): sign_1_exponent_110_mantissa_1000
Cycle        168: PRNG_MT8 Output (Floating-point): sign_1_exponent_100_mantissa_1000
Cycle        169: PRNG_MT8 Output (Floating-point): sign_0_exponent_001_mantissa_1111
Cycle        170: PRNG_MT8 Output (Floating-point): sign_0_exponent_011_mantissa_0111
Cycle        171: PRNG_MT8 Output (Floating-point): sign_1_exponent_010_mantissa_0111
Cycle        172: PRNG_MT8 Output (Floating-point): sign_1_exponent_111_mantissa_0010
Cycle        173: PRNG_MT8 Output (Floating-point): sign_0_exponent_010_mantissa_0100
Cycle        174: PRNG_MT8 Output (Floating-point): sign_0_exponent_110_mantissa_1010
Cycle        175: PRNG_MT8 Output (Floating-point): sign_0_exponent_001_mantissa_1000
Cycle        176: PRNG_MT8 Output (Floating-point): sign_1_exponent_001_mantissa_0000
Cycle        177: PRNG_MT8 Output (Floating-point): sign_0_exponent_101_mantissa_1001
Cycle        178: PRNG_MT8 Output (Floating-point): sign_1_exponent_111_mantissa_0011
Cycle        179: PRNG_MT8 Output (Floating-point): sign_0_exponent_011_mantissa_0111
Cycle        180: PRNG_MT8 Output (Floating-point): sign_0_exponent_111_mantissa_0110
Cycle        181: PRNG_MT8 Output (Floating-point): sign_1_exponent_001_mantissa_1001
Cycle        182: PRNG_MT8 Output (Floating-point): sign_1_exponent_001_mantissa_0000
Cycle        183: PRNG_MT8 Output (Floating-point): sign_0_exponent_110_mantissa_0111
Cycle        184: PRNG_MT8 Output (Floating-point): sign_1_exponent_100_mantissa_0101
Cycle        185: PRNG_MT8 Output (Floating-point): sign_0_exponent_111_mantissa_0011
Cycle        186: PRNG_MT8 Output (Floating-point): sign_0_exponent_111_mantissa_0000
Cycle        187: PRNG_MT8 Output (Floating-point): sign_1_exponent_111_mantissa_0010
Cycle        188: PRNG_MT8 Output (Floating-point): sign_1_exponent_110_mantissa_0111
Cycle        189: PRNG_MT8 Output (Floating-point): sign_1_exponent_100_mantissa_0000
Cycle        190: PRNG_MT8 Output (Floating-point): sign_1_exponent_100_mantissa_0100
Cycle        191: PRNG_MT8 Output (Floating-point): sign_1_exponent_000_mantissa_0101
Cycle        192: PRNG_MT8 Output (Floating-point): sign_1_exponent_010_mantissa_0100
Cycle        193: PRNG_MT8 Output (Floating-point): sign_1_exponent_111_mantissa_0000
Cycle        194: PRNG_MT8 Output (Floating-point): sign_1_exponent_111_mantissa_1110
Cycle        195: PRNG_MT8 Output (Floating-point): sign_0_exponent_101_mantissa_0111
Cycle        196: PRNG_MT8 Output (Floating-point): sign_0_exponent_000_mantissa_0101
Cycle        197: PRNG_MT8 Output (Floating-point): sign_1_exponent_001_mantissa_0010
Cycle        198: PRNG_MT8 Output (Floating-point): sign_1_exponent_000_mantissa_0011
Cycle        199: PRNG_MT8 Output (Floating-point): sign_1_exponent_001_mantissa_0110
Cycle        200: PRNG_MT8 Output (Floating-point): sign_0_exponent_001_mantissa_1001
Cycle        201: PRNG_MT8 Output (Floating-point): sign_0_exponent_111_mantissa_1111
Cycle        202: PRNG_MT8 Output (Floating-point): sign_0_exponent_100_mantissa_0101
Cycle        203: PRNG_MT8 Output (Floating-point): sign_0_exponent_110_mantissa_1000
Cycle        204: PRNG_MT8 Output (Floating-point): sign_0_exponent_011_mantissa_0111
Cycle        205: PRNG_MT8 Output (Floating-point): sign_1_exponent_100_mantissa_1101
Cycle        206: PRNG_MT8 Output (Floating-point): sign_1_exponent_010_mantissa_1111
Cycle        207: PRNG_MT8 Output (Floating-point): sign_1_exponent_111_mantissa_1101
Cycle        208: PRNG_MT8 Output (Floating-point): sign_0_exponent_110_mantissa_0001
Cycle        209: PRNG_MT8 Output (Floating-point): sign_1_exponent_110_mantissa_0010
Cycle        210: PRNG_MT8 Output (Floating-point): sign_0_exponent_000_mantissa_0100
Cycle        211: PRNG_MT8 Output (Floating-point): sign_1_exponent_001_mantissa_1001
Cycle        212: PRNG_MT8 Output (Floating-point): sign_1_exponent_111_mantissa_0011
Cycle        213: PRNG_MT8 Output (Floating-point): sign_1_exponent_010_mantissa_0110
Cycle        214: PRNG_MT8 Output (Floating-point): sign_0_exponent_001_mantissa_0100
Cycle        215: PRNG_MT8 Output (Floating-point): sign_0_exponent_110_mantissa_1011
Cycle        216: PRNG_MT8 Output (Floating-point): sign_1_exponent_001_mantissa_1100
Cycle        217: PRNG_MT8 Output (Floating-point): sign_0_exponent_001_mantissa_0010
Cycle        218: PRNG_MT8 Output (Floating-point): sign_0_exponent_011_mantissa_0001
Cycle        219: PRNG_MT8 Output (Floating-point): sign_1_exponent_110_mantissa_0000
Cycle        220: PRNG_MT8 Output (Floating-point): sign_0_exponent_111_mantissa_0000
Cycle        221: PRNG_MT8 Output (Floating-point): sign_0_exponent_011_mantissa_0001
Cycle        222: PRNG_MT8 Output (Floating-point): sign_0_exponent_111_mantissa_0101
Cycle        223: PRNG_MT8 Output (Floating-point): sign_1_exponent_011_mantissa_0110
Cycle        224: PRNG_MT8 Output (Floating-point): sign_1_exponent_101_mantissa_0110
Cycle        225: PRNG_MT8 Output (Floating-point): sign_0_exponent_110_mantissa_1101
Cycle        226: PRNG_MT8 Output (Floating-point): sign_1_exponent_100_mantissa_1011
Cycle        227: PRNG_MT8 Output (Floating-point): sign_0_exponent_011_mantissa_1010
Cycle        228: PRNG_MT8 Output (Floating-point): sign_1_exponent_101_mantissa_1110
Cycle        229: PRNG_MT8 Output (Floating-point): sign_1_exponent_110_mantissa_1010
Cycle        230: PRNG_MT8 Output (Floating-point): sign_1_exponent_110_mantissa_1001
Cycle        231: PRNG_MT8 Output (Floating-point): sign_0_exponent_111_mantissa_0100
Cycle        232: PRNG_MT8 Output (Floating-point): sign_1_exponent_100_mantissa_1110
Cycle        233: PRNG_MT8 Output (Floating-point): sign_1_exponent_010_mantissa_1111
Cycle        234: PRNG_MT8 Output (Floating-point): sign_1_exponent_011_mantissa_1110
Cycle        235: PRNG_MT8 Output (Floating-point): sign_1_exponent_100_mantissa_0111
Cycle        236: PRNG_MT8 Output (Floating-point): sign_1_exponent_110_mantissa_1100
Cycle        237: PRNG_MT8 Output (Floating-point): sign_0_exponent_001_mantissa_0000
Cycle        238: PRNG_MT8 Output (Floating-point): sign_0_exponent_011_mantissa_1110
Cycle        239: PRNG_MT8 Output (Floating-point): sign_1_exponent_110_mantissa_1110
Cycle        240: PRNG_MT8 Output (Floating-point): sign_1_exponent_010_mantissa_1001
Cycle        241: PRNG_MT8 Output (Floating-point): sign_0_exponent_011_mantissa_0101
Cycle        242: PRNG_MT8 Output (Floating-point): sign_0_exponent_111_mantissa_0110
Cycle        243: PRNG_MT8 Output (Floating-point): sign_1_exponent_010_mantissa_1101
Cycle        244: PRNG_MT8 Output (Floating-point): sign_0_exponent_000_mantissa_1001
Cycle        245: PRNG_MT8 Output (Floating-point): sign_0_exponent_110_mantissa_0100
Cycle        246: PRNG_MT8 Output (Floating-point): sign_1_exponent_101_mantissa_0110
Cycle        247: PRNG_MT8 Output (Floating-point): sign_0_exponent_000_mantissa_0001
Cycle        248: PRNG_MT8 Output (Floating-point): sign_0_exponent_000_mantissa_1101
Cycle        249: PRNG_MT8 Output (Floating-point): sign_1_exponent_111_mantissa_1010
Cycle        250: PRNG_MT8 Output (Floating-point): sign_1_exponent_100_mantissa_0110
Cycle        251: PRNG_MT8 Output (Floating-point): sign_0_exponent_001_mantissa_1100
Cycle        252: PRNG_MT8 Output (Floating-point): sign_0_exponent_000_mantissa_0101
Cycle        253: PRNG_MT8 Output (Floating-point): sign_1_exponent_000_mantissa_1010
Cycle        254: PRNG_MT8 Output (Floating-point): sign_1_exponent_110_mantissa_1111
Cycle        255: PRNG_MT8 Output (Floating-point): sign_0_exponent_010_mantissa_0111
Cycle        256: PRNG_MT8 Output (Floating-point): sign_0_exponent_001_mantissa_0100
Cycle        257: PRNG_MT8 Output (Floating-point): sign_0_exponent_101_mantissa_0101
Cycle        258: PRNG_MT8 Output (Floating-point): sign_1_exponent_010_mantissa_1010
Cycle        259: PRNG_MT8 Output (Floating-point): sign_0_exponent_101_mantissa_0110
Cycle        260: PRNG_MT8 Output (Floating-point): sign_0_exponent_011_mantissa_0111
Cycle        261: PRNG_MT8 Output (Floating-point): sign_1_exponent_000_mantissa_1011
Cycle        262: PRNG_MT8 Output (Floating-point): sign_0_exponent_000_mantissa_0111
Cycle        263: PRNG_MT8 Output (Floating-point): sign_1_exponent_001_mantissa_0110
Cycle        264: PRNG_MT8 Output (Floating-point): sign_0_exponent_111_mantissa_0100
Cycle        265: PRNG_MT8 Output (Floating-point): sign_0_exponent_100_mantissa_0000
Cycle        266: PRNG_MT8 Output (Floating-point): sign_0_exponent_000_mantissa_0010
Cycle        267: PRNG_MT8 Output (Floating-point): sign_0_exponent_110_mantissa_1111
Cycle        268: PRNG_MT8 Output (Floating-point): sign_1_exponent_101_mantissa_0010
Cycle        269: PRNG_MT8 Output (Floating-point): sign_1_exponent_010_mantissa_1101
Cycle        270: PRNG_MT8 Output (Floating-point): sign_0_exponent_001_mantissa_1111
Cycle        271: PRNG_MT8 Output (Floating-point): sign_1_exponent_111_mantissa_1101
Cycle        272: PRNG_MT8 Output (Floating-point): sign_1_exponent_100_mantissa_1110
Cycle        273: PRNG_MT8 Output (Floating-point): sign_0_exponent_001_mantissa_0010
Cycle        274: PRNG_MT8 Output (Floating-point): sign_0_exponent_010_mantissa_1001
Cycle        275: PRNG_MT8 Output (Floating-point): sign_1_exponent_000_mantissa_0111
Cycle        276: PRNG_MT8 Output (Floating-point): sign_1_exponent_111_mantissa_1110
Cycle        277: PRNG_MT8 Output (Floating-point): sign_0_exponent_011_mantissa_1101
Cycle        278: PRNG_MT8 Output (Floating-point): sign_0_exponent_101_mantissa_1000
Cycle        279: PRNG_MT8 Output (Floating-point): sign_0_exponent_100_mantissa_1011
Cycle        280: PRNG_MT8 Output (Floating-point): sign_1_exponent_000_mantissa_1000
Cycle        281: PRNG_MT8 Output (Floating-point): sign_0_exponent_110_mantissa_1100
Cycle        282: PRNG_MT8 Output (Floating-point): sign_1_exponent_000_mantissa_1101
Cycle        283: PRNG_MT8 Output (Floating-point): sign_1_exponent_011_mantissa_1111
Cycle        284: PRNG_MT8 Output (Floating-point): sign_0_exponent_100_mantissa_0101
Cycle        285: PRNG_MT8 Output (Floating-point): sign_1_exponent_111_mantissa_1001
Cycle        286: PRNG_MT8 Output (Floating-point): sign_0_exponent_101_mantissa_0101
Cycle        287: PRNG_MT8 Output (Floating-point): sign_0_exponent_011_mantissa_1111
Cycle        288: PRNG_MT8 Output (Floating-point): sign_1_exponent_010_mantissa_0011
Cycle        289: PRNG_MT8 Output (Floating-point): sign_1_exponent_000_mantissa_1000
Cycle        290: PRNG_MT8 Output (Floating-point): sign_1_exponent_001_mantissa_0101
Cycle        291: PRNG_MT8 Output (Floating-point): sign_0_exponent_111_mantissa_0001
Cycle        292: PRNG_MT8 Output (Floating-point): sign_0_exponent_000_mantissa_0100
Cycle        293: PRNG_MT8 Output (Floating-point): sign_0_exponent_101_mantissa_1010
Cycle        294: PRNG_MT8 Output (Floating-point): sign_0_exponent_110_mantissa_0001
Cycle        295: PRNG_MT8 Output (Floating-point): sign_1_exponent_101_mantissa_0000
PRNG_MT8 Output repeats after        295 cycles at time                 3040
