xrun(64): 20.09-s010: (c) Copyright 1995-2021 Cadence Design Systems, Inc.
TOOL:	xrun(64)	20.09-s010: Started on Dec 01, 2024 at 19:32:44 PST
xrun
	+gui
	+access+rwc
	+xm64bit
	+define+FP_PRNG
	+xmstatus
	+xmtimescale+1ns/1ps
	+xmoveride_timescale
	+xmseq_udp_delay+20ps
	-sv
	./bits_to_real.sv
	./fp_prng.sv
	./prng_sha.sv
	./prng.sv
	./sha.sv
	./tb.sv
	tb.sv

   User defined plus("+") options:
	+xmoveride_timescale

Recompiling... reason: file './bits_to_real.sv' is newer than expected.
	expected: Sun Dec  1 19:04:19 2024
	actual:   Sun Dec  1 19:19:31 2024
file: ./fp_prng.sv
	module worklib.fp_prng:sv
		errors: 0, warnings: 0
file: ./tb.sv
	module worklib.prng_testbench:sv
		errors: 0, warnings: 0
file: tb.sv
module prng_testbench;
                    |
xmvlog: *W,RECOME (tb.sv,3|20): recompiling design unit worklib.prng_testbench:sv.
	First compiled from line 3 of ./tb.sv.
xmvlog: Memory Usage - Current physical: 15.8M, Current virtual: 61.9M
xmvlog: CPU Usage - 0.0s system + 0.0s user = 0.0s total (0.4s, 11.0% cpu)
xmelab: *N,INFSUD: -NOSPECIFY is automatically used with -SEQ_UDP_DELAY.
		Caching library 'worklib' ....... Done
	Elaborating the design hierarchy:
	Top level design units:
		prng_with_sha256
		lfsr
		prng_testbench
xmelab: *W,DSEMEL: This SystemVerilog design will be simulated as per IEEE 1800-2009 SystemVerilog simulation semantics. Use -disable_sem2009 option for turning off SV 2009 simulation semantics.
    .bit_rep(state),      // Input is the PRNG state (integer value)
                 |
xmelab: *W,CUVMPW (./fp_prng.sv,37|17): port sizes differ in port connection(16/32) for the instance(prng_testbench.prng_inst) .
	Building instance overlay tables: .................... Done
	Generating native compiled code:
		worklib.fp_prng:sv <0x484f1ecc>
			streams:   5, words:  1417
		worklib.prng_testbench:sv <0x1d152b60>
			streams:  11, words:  9166
	Building instance specific data structures.
	Loading native compiled code:     .................... Done
	Design hierarchy summary:
		                 Instances  Unique
		Modules:                 6       6
		Registers:              72      72
		Scalar wires:           21       -
		Vectored wires:         18       -
		Always blocks:           9       9
		Initial blocks:          6       6
		Cont. assignments:       4       7
		Pseudo assignments:     16      16
		Simulation timescale:  1ps
	Writing initial simulation snapshot: worklib.prng_with_sha256:sv
xmelab: Memory Usage - Final: 26.0M, Peak: 26.0M, Peak virtual: 129.9M
xmelab: CPU Usage - 0.1s system + 0.1s user = 0.2s total (0.9s, 17.5% cpu)
xmsim: *W,DSEM2009: This SystemVerilog design is simulated as per IEEE 1800-2009 SystemVerilog simulation semantics. Use -disable_sem2009 option for turning off SV 2009 simulation semantics.

-------------------------------------
Relinquished control to SimVision...
xcelium> 
xcelium> source /home/common/cadence/installs/XCELIUM2009/tools/xcelium/files/xmsimrc
xcelium> database -open waves -into waves.shm -default
Created default SHM database waves
xcelium> probe -create -shm prng_testbench.prng_inst.clk prng_testbench.prng_inst.fp_output prng_testbench.prng_inst.load_seed prng_testbench.prng_inst.prng_data prng_testbench.prng_inst.prng_done prng_testbench.prng_inst.prng_output_as_real prng_testbench.prng_inst.reset prng_testbench.prng_inst.seed_data prng_testbench.prng_inst.state
Created probe 1
xcelium> run
time=0, reset_n=0, clk=0, start=0, seed_data=0000000000000000, prng_output=00000000000000000000000000000000, done=0
time=5000, reset_n=0, clk=1, start=0, seed_data=0000000000000000, prng_output=00000000000000000000000000000000, done=0
time=10000, reset_n=1, clk=0, start=0, seed_data=0011010100100100, prng_output=00000000000000000000000000000000, done=0
time=15000, reset_n=1, clk=1, start=0, seed_data=0011010100100100, prng_output=00000000000000000000000000000000, done=0
time=20000, reset_n=1, clk=0, start=0, seed_data=0011010100100100, prng_output=00000000000000000000000000000000, done=0
time=25000, reset_n=1, clk=1, start=0, seed_data=0011010100100100, prng_output=00000000000000000110000001110010, done=1
time=30000, reset_n=1, clk=0, start=0, seed_data=0011010100100100, prng_output=00000000000000000110000001110010, done=1
time=35000, reset_n=1, clk=1, start=0, seed_data=0011010100100100, prng_output=00000000000000000110000001110010, done=0
time=40000, reset_n=1, clk=0, start=0, seed_data=0011010100100100, prng_output=00000000000000000110000001110010, done=0
time=45000, reset_n=1, clk=1, start=0, seed_data=0011010100100100, prng_output=00000000000000000110000001110010, done=0
time=50000, reset_n=1, clk=0, start=0, seed_data=0011010100100100, prng_output=00000000000000000110000001110010, done=0
time=55000, reset_n=1, clk=1, start=0, seed_data=0011010100100100, prng_output=00000000000000000110000001110010, done=0
time=60000, reset_n=1, clk=0, start=0, seed_data=0011010100100100, prng_output=00000000000000000110000001110010, done=0
time=65000, reset_n=1, clk=1, start=0, seed_data=0011010100100100, prng_output=00000000000000000110000001110010, done=0
time=70000, reset_n=1, clk=0, start=0, seed_data=0011010100100100, prng_output=00000000000000000110000001110010, done=0
time=75000, reset_n=1, clk=1, start=0, seed_data=0011010100100100, prng_output=00000000000000000110000001110010, done=0
time=80000, reset_n=1, clk=0, start=0, seed_data=0011010100100100, prng_output=00000000000000000110000001110010, done=0
time=85000, reset_n=1, clk=1, start=0, seed_data=0011010100100100, prng_output=00000000000000000110000001110010, done=0
time=90000, reset_n=1, clk=0, start=0, seed_data=0011010100100100, prng_output=00000000000000000110000001110010, done=0
time=95000, reset_n=1, clk=1, start=0, seed_data=0011010100100100, prng_output=00000000000000000110000001110010, done=0
time=100000, reset_n=1, clk=0, start=0, seed_data=0011010100100100, prng_output=00000000000000000110000001110010, done=0
time=105000, reset_n=1, clk=1, start=0, seed_data=0011010100100100, prng_output=00000000000000000110000001110010, done=0
time=110000, reset_n=1, clk=0, start=0, seed_data=0011010100100100, prng_output=00000000000000000110000001110010, done=0
time=115000, reset_n=1, clk=1, start=0, seed_data=0011010100100100, prng_output=00000000000000000110000001110010, done=0
time=120000, reset_n=1, clk=0, start=0, seed_data=0011010100100100, prng_output=00000000000000000110000001110010, done=0
time=125000, reset_n=1, clk=1, start=0, seed_data=0011010100100100, prng_output=00000000000000000110000001110010, done=0
time=130000, reset_n=1, clk=0, start=0, seed_data=0011010100100100, prng_output=00000000000000000110000001110010, done=0
time=135000, reset_n=1, clk=1, start=0, seed_data=0011010100100100, prng_output=00000000000000000110000001110010, done=0
time=140000, reset_n=1, clk=0, start=0, seed_data=0011010100100100, prng_output=00000000000000000110000001110010, done=0
time=145000, reset_n=1, clk=1, start=0, seed_data=0011010100100100, prng_output=00000000000000000110000001110010, done=0
time=150000, reset_n=1, clk=0, start=0, seed_data=0011010100100100, prng_output=00000000000000000110000001110010, done=0
time=155000, reset_n=1, clk=1, start=0, seed_data=0011010100100100, prng_output=00000000000000000110000001110010, done=0
time=160000, reset_n=1, clk=0, start=0, seed_data=0011010100100100, prng_output=00000000000000000110000001110010, done=0
time=165000, reset_n=1, clk=1, start=0, seed_data=0011010100100100, prng_output=00000000000000000110000001110010, done=0
time=170000, reset_n=1, clk=0, start=0, seed_data=0011010100100100, prng_output=00000000000000000110000001110010, done=0
time=175000, reset_n=1, clk=1, start=0, seed_data=0011010100100100, prng_output=00000000000000000110000001110010, done=0
time=180000, reset_n=1, clk=0, start=0, seed_data=0011010100100100, prng_output=00000000000000000110000001110010, done=0
time=185000, reset_n=1, clk=1, start=0, seed_data=0011010100100100, prng_output=00000000000000000110000001110010, done=0
time=190000, reset_n=1, clk=0, start=0, seed_data=0011010100100100, prng_output=00000000000000000110000001110010, done=0
time=195000, reset_n=1, clk=1, start=0, seed_data=0011010100100100, prng_output=00000000000000000110000001110010, done=0
time=200000, reset_n=1, clk=0, start=0, seed_data=0011010100100100, prng_output=00000000000000000110000001110010, done=0
time=205000, reset_n=1, clk=1, start=0, seed_data=0011010100100100, prng_output=00000000000000000110000001110010, done=0
time=210000, reset_n=1, clk=0, start=0, seed_data=0011010100100100, prng_output=00000000000000000110000001110010, done=0
time=215000, reset_n=1, clk=1, start=0, seed_data=0011010100100100, prng_output=00000000000000000110000001110010, done=0
time=220000, reset_n=1, clk=0, start=0, seed_data=0011010100100100, prng_output=00000000000000000110000001110010, done=0
time=225000, reset_n=1, clk=1, start=0, seed_data=0011010100100100, prng_output=00000000000000000110000001110010, done=0
time=230000, reset_n=1, clk=0, start=0, seed_data=0011010100100100, prng_output=00000000000000000110000001110010, done=0
time=235000, reset_n=1, clk=1, start=0, seed_data=0011010100100100, prng_output=00000000000000000110000001110010, done=0
time=240000, reset_n=1, clk=0, start=0, seed_data=0011010100100100, prng_output=00000000000000000110000001110010, done=0
time=245000, reset_n=1, clk=1, start=0, seed_data=0011010100100100, prng_output=00000000000000000110000001110010, done=0
time=250000, reset_n=1, clk=0, start=0, seed_data=0011010100100100, prng_output=00000000000000000110000001110010, done=0
time=255000, reset_n=1, clk=1, start=0, seed_data=0011010100100100, prng_output=00000000000000000110000001110010, done=0
time=260000, reset_n=1, clk=0, start=0, seed_data=0011010100100100, prng_output=00000000000000000110000001110010, done=0
time=265000, reset_n=1, clk=1, start=0, seed_data=0011010100100100, prng_output=00000000000000000110000001110010, done=0
time=270000, reset_n=1, clk=0, start=0, seed_data=0011010100100100, prng_output=00000000000000000110000001110010, done=0
time=275000, reset_n=1, clk=1, start=0, seed_data=0011010100100100, prng_output=00000000000000000110000001110010, done=0
time=280000, reset_n=1, clk=0, start=0, seed_data=0011010100100100, prng_output=00000000000000000110000001110010, done=0
time=285000, reset_n=1, clk=1, start=0, seed_data=0011010100100100, prng_output=00000000000000000110000001110010, done=0
time=290000, reset_n=1, clk=0, start=0, seed_data=0011010100100100, prng_output=00000000000000000110000001110010, done=0
time=295000, reset_n=1, clk=1, start=0, seed_data=0011010100100100, prng_output=00000000000000000110000001110010, done=0
time=300000, reset_n=1, clk=0, start=0, seed_data=0011010100100100, prng_output=00000000000000000110000001110010, done=0
time=305000, reset_n=1, clk=1, start=0, seed_data=0011010100100100, prng_output=00000000000000000110000001110010, done=0
time=310000, reset_n=1, clk=0, start=0, seed_data=0011010100100100, prng_output=00000000000000000110000001110010, done=0
time=315000, reset_n=1, clk=1, start=0, seed_data=0011010100100100, prng_output=00000000000000000110000001110010, done=0
time=320000, reset_n=1, clk=0, start=0, seed_data=0011010100100100, prng_output=00000000000000000110000001110010, done=0
time=325000, reset_n=1, clk=1, start=0, seed_data=0011010100100100, prng_output=00000000000000000110000001110010, done=0
time=330000, reset_n=1, clk=0, start=0, seed_data=0101111010000001, prng_output=00000000000000000110000001110010, done=0
time=335000, reset_n=1, clk=1, start=0, seed_data=0101111010000001, prng_output=00000000000000000110000001110010, done=0
time=340000, reset_n=1, clk=0, start=0, seed_data=0101111010000001, prng_output=00000000000000000110000001110010, done=0
time=345000, reset_n=1, clk=1, start=0, seed_data=0101111010000001, prng_output=00000000000000000010110011111100, done=1
time=350000, reset_n=1, clk=0, start=0, seed_data=0101111010000001, prng_output=00000000000000000010110011111100, done=1
time=355000, reset_n=1, clk=1, start=0, seed_data=0101111010000001, prng_output=00000000000000000010110011111100, done=0
time=360000, reset_n=1, clk=0, start=0, seed_data=0101111010000001, prng_output=00000000000000000010110011111100, done=0
time=365000, reset_n=1, clk=1, start=0, seed_data=0101111010000001, prng_output=00000000000000000010110011111100, done=0
time=370000, reset_n=1, clk=0, start=0, seed_data=0101111010000001, prng_output=00000000000000000010110011111100, done=0
time=375000, reset_n=1, clk=1, start=0, seed_data=0101111010000001, prng_output=00000000000000000010110011111100, done=0
time=380000, reset_n=1, clk=0, start=0, seed_data=0101111010000001, prng_output=00000000000000000010110011111100, done=0
time=385000, reset_n=1, clk=1, start=0, seed_data=0101111010000001, prng_output=00000000000000000010110011111100, done=0
time=390000, reset_n=1, clk=0, start=0, seed_data=0101111010000001, prng_output=00000000000000000010110011111100, done=0
time=395000, reset_n=1, clk=1, start=0, seed_data=0101111010000001, prng_output=00000000000000000010110011111100, done=0
time=400000, reset_n=1, clk=0, start=0, seed_data=0101111010000001, prng_output=00000000000000000010110011111100, done=0
time=405000, reset_n=1, clk=1, start=0, seed_data=0101111010000001, prng_output=00000000000000000010110011111100, done=0
time=410000, reset_n=1, clk=0, start=0, seed_data=0101111010000001, prng_output=00000000000000000010110011111100, done=0
time=415000, reset_n=1, clk=1, start=0, seed_data=0101111010000001, prng_output=00000000000000000010110011111100, done=0
time=420000, reset_n=1, clk=0, start=0, seed_data=0101111010000001, prng_output=00000000000000000010110011111100, done=0
time=425000, reset_n=1, clk=1, start=0, seed_data=0101111010000001, prng_output=00000000000000000010110011111100, done=0
time=430000, reset_n=1, clk=0, start=0, seed_data=0101111010000001, prng_output=00000000000000000010110011111100, done=0
time=435000, reset_n=1, clk=1, start=0, seed_data=0101111010000001, prng_output=00000000000000000010110011111100, done=0
time=440000, reset_n=1, clk=0, start=0, seed_data=0101111010000001, prng_output=00000000000000000010110011111100, done=0
time=445000, reset_n=1, clk=1, start=0, seed_data=0101111010000001, prng_output=00000000000000000010110011111100, done=0
time=450000, reset_n=1, clk=0, start=0, seed_data=0101111010000001, prng_output=00000000000000000010110011111100, done=0
time=455000, reset_n=1, clk=1, start=0, seed_data=0101111010000001, prng_output=00000000000000000010110011111100, done=0
time=460000, reset_n=1, clk=0, start=0, seed_data=0101111010000001, prng_output=00000000000000000010110011111100, done=0
time=465000, reset_n=1, clk=1, start=0, seed_data=0101111010000001, prng_output=00000000000000000010110011111100, done=0
time=470000, reset_n=1, clk=0, start=0, seed_data=0101111010000001, prng_output=00000000000000000010110011111100, done=0
time=475000, reset_n=1, clk=1, start=0, seed_data=0101111010000001, prng_output=00000000000000000010110011111100, done=0
time=480000, reset_n=1, clk=0, start=0, seed_data=0101111010000001, prng_output=00000000000000000010110011111100, done=0
time=485000, reset_n=1, clk=1, start=0, seed_data=0101111010000001, prng_output=00000000000000000010110011111100, done=0
time=490000, reset_n=1, clk=0, start=0, seed_data=0101111010000001, prng_output=00000000000000000010110011111100, done=0
time=495000, reset_n=1, clk=1, start=0, seed_data=0101111010000001, prng_output=00000000000000000010110011111100, done=0
time=500000, reset_n=1, clk=0, start=0, seed_data=0101111010000001, prng_output=00000000000000000010110011111100, done=0
time=505000, reset_n=1, clk=1, start=0, seed_data=0101111010000001, prng_output=00000000000000000010110011111100, done=0
time=510000, reset_n=1, clk=0, start=0, seed_data=0101111010000001, prng_output=00000000000000000010110011111100, done=0
time=515000, reset_n=1, clk=1, start=0, seed_data=0101111010000001, prng_output=00000000000000000010110011111100, done=0
time=520000, reset_n=1, clk=0, start=0, seed_data=0101111010000001, prng_output=00000000000000000010110011111100, done=0
time=525000, reset_n=1, clk=1, start=0, seed_data=0101111010000001, prng_output=00000000000000000010110011111100, done=0
time=530000, reset_n=1, clk=0, start=0, seed_data=0101111010000001, prng_output=00000000000000000010110011111100, done=0
time=535000, reset_n=1, clk=1, start=0, seed_data=0101111010000001, prng_output=00000000000000000010110011111100, done=0
time=540000, reset_n=1, clk=0, start=0, seed_data=0101111010000001, prng_output=00000000000000000010110011111100, done=0
time=545000, reset_n=1, clk=1, start=0, seed_data=0101111010000001, prng_output=00000000000000000010110011111100, done=0
time=550000, reset_n=1, clk=0, start=0, seed_data=0101111010000001, prng_output=00000000000000000010110011111100, done=0
time=555000, reset_n=1, clk=1, start=0, seed_data=0101111010000001, prng_output=00000000000000000010110011111100, done=0
time=560000, reset_n=1, clk=0, start=0, seed_data=0101111010000001, prng_output=00000000000000000010110011111100, done=0
time=565000, reset_n=1, clk=1, start=0, seed_data=0101111010000001, prng_output=00000000000000000010110011111100, done=0
time=570000, reset_n=1, clk=0, start=0, seed_data=0101111010000001, prng_output=00000000000000000010110011111100, done=0
time=575000, reset_n=1, clk=1, start=0, seed_data=0101111010000001, prng_output=00000000000000000010110011111100, done=0
time=580000, reset_n=1, clk=0, start=0, seed_data=0101111010000001, prng_output=00000000000000000010110011111100, done=0
time=585000, reset_n=1, clk=1, start=0, seed_data=0101111010000001, prng_output=00000000000000000010110011111100, done=0
time=590000, reset_n=1, clk=0, start=0, seed_data=0101111010000001, prng_output=00000000000000000010110011111100, done=0
time=595000, reset_n=1, clk=1, start=0, seed_data=0101111010000001, prng_output=00000000000000000010110011111100, done=0
time=600000, reset_n=1, clk=0, start=0, seed_data=0101111010000001, prng_output=00000000000000000010110011111100, done=0
time=605000, reset_n=1, clk=1, start=0, seed_data=0101111010000001, prng_output=00000000000000000010110011111100, done=0
time=610000, reset_n=1, clk=0, start=0, seed_data=0101111010000001, prng_output=00000000000000000010110011111100, done=0
time=615000, reset_n=1, clk=1, start=0, seed_data=0101111010000001, prng_output=00000000000000000010110011111100, done=0
time=620000, reset_n=1, clk=0, start=0, seed_data=0101111010000001, prng_output=00000000000000000010110011111100, done=0
time=625000, reset_n=1, clk=1, start=0, seed_data=0101111010000001, prng_output=00000000000000000010110011111100, done=0
time=630000, reset_n=1, clk=0, start=0, seed_data=0101111010000001, prng_output=00000000000000000010110011111100, done=0
time=635000, reset_n=1, clk=1, start=0, seed_data=0101111010000001, prng_output=00000000000000000010110011111100, done=0
time=640000, reset_n=1, clk=0, start=0, seed_data=0101111010000001, prng_output=00000000000000000010110011111100, done=0
time=645000, reset_n=1, clk=1, start=0, seed_data=0101111010000001, prng_output=00000000000000000010110011111100, done=0
time=650000, reset_n=1, clk=0, start=0, seed_data=1101011000001001, prng_output=00000000000000000010110011111100, done=0
time=655000, reset_n=1, clk=1, start=0, seed_data=1101011000001001, prng_output=00000000000000000010110011111100, done=0
time=660000, reset_n=1, clk=0, start=0, seed_data=1101011000001001, prng_output=00000000000000000010110011111100, done=0
time=665000, reset_n=1, clk=1, start=0, seed_data=1101011000001001, prng_output=00000000000000000100111110111110, done=1
time=670000, reset_n=1, clk=0, start=0, seed_data=1101011000001001, prng_output=00000000000000000100111110111110, done=1
time=675000, reset_n=1, clk=1, start=0, seed_data=1101011000001001, prng_output=00000000000000000100111110111110, done=0
time=680000, reset_n=1, clk=0, start=0, seed_data=1101011000001001, prng_output=00000000000000000100111110111110, done=0
time=685000, reset_n=1, clk=1, start=0, seed_data=1101011000001001, prng_output=00000000000000000100111110111110, done=0
time=690000, reset_n=1, clk=0, start=0, seed_data=1101011000001001, prng_output=00000000000000000100111110111110, done=0
time=695000, reset_n=1, clk=1, start=0, seed_data=1101011000001001, prng_output=00000000000000000100111110111110, done=0
time=700000, reset_n=1, clk=0, start=0, seed_data=1101011000001001, prng_output=00000000000000000100111110111110, done=0
time=705000, reset_n=1, clk=1, start=0, seed_data=1101011000001001, prng_output=00000000000000000100111110111110, done=0
time=710000, reset_n=1, clk=0, start=0, seed_data=1101011000001001, prng_output=00000000000000000100111110111110, done=0
time=715000, reset_n=1, clk=1, start=0, seed_data=1101011000001001, prng_output=00000000000000000100111110111110, done=0
time=720000, reset_n=1, clk=0, start=0, seed_data=1101011000001001, prng_output=00000000000000000100111110111110, done=0
time=725000, reset_n=1, clk=1, start=0, seed_data=1101011000001001, prng_output=00000000000000000100111110111110, done=0
time=730000, reset_n=1, clk=0, start=0, seed_data=1101011000001001, prng_output=00000000000000000100111110111110, done=0
time=735000, reset_n=1, clk=1, start=0, seed_data=1101011000001001, prng_output=00000000000000000100111110111110, done=0
time=740000, reset_n=1, clk=0, start=0, seed_data=1101011000001001, prng_output=00000000000000000100111110111110, done=0
time=745000, reset_n=1, clk=1, start=0, seed_data=1101011000001001, prng_output=00000000000000000100111110111110, done=0
time=750000, reset_n=1, clk=0, start=0, seed_data=1101011000001001, prng_output=00000000000000000100111110111110, done=0
time=755000, reset_n=1, clk=1, start=0, seed_data=1101011000001001, prng_output=00000000000000000100111110111110, done=0
time=760000, reset_n=1, clk=0, start=0, seed_data=1101011000001001, prng_output=00000000000000000100111110111110, done=0
time=765000, reset_n=1, clk=1, start=0, seed_data=1101011000001001, prng_output=00000000000000000100111110111110, done=0
time=770000, reset_n=1, clk=0, start=0, seed_data=1101011000001001, prng_output=00000000000000000100111110111110, done=0
time=775000, reset_n=1, clk=1, start=0, seed_data=1101011000001001, prng_output=00000000000000000100111110111110, done=0
time=780000, reset_n=1, clk=0, start=0, seed_data=1101011000001001, prng_output=00000000000000000100111110111110, done=0
time=785000, reset_n=1, clk=1, start=0, seed_data=1101011000001001, prng_output=00000000000000000100111110111110, done=0
time=790000, reset_n=1, clk=0, start=0, seed_data=1101011000001001, prng_output=00000000000000000100111110111110, done=0
time=795000, reset_n=1, clk=1, start=0, seed_data=1101011000001001, prng_output=00000000000000000100111110111110, done=0
time=800000, reset_n=1, clk=0, start=0, seed_data=1101011000001001, prng_output=00000000000000000100111110111110, done=0
time=805000, reset_n=1, clk=1, start=0, seed_data=1101011000001001, prng_output=00000000000000000100111110111110, done=0
time=810000, reset_n=1, clk=0, start=0, seed_data=1101011000001001, prng_output=00000000000000000100111110111110, done=0
time=815000, reset_n=1, clk=1, start=0, seed_data=1101011000001001, prng_output=00000000000000000100111110111110, done=0
time=820000, reset_n=1, clk=0, start=0, seed_data=1101011000001001, prng_output=00000000000000000100111110111110, done=0
time=825000, reset_n=1, clk=1, start=0, seed_data=1101011000001001, prng_output=00000000000000000100111110111110, done=0
time=830000, reset_n=1, clk=0, start=0, seed_data=1101011000001001, prng_output=00000000000000000100111110111110, done=0
time=835000, reset_n=1, clk=1, start=0, seed_data=1101011000001001, prng_output=00000000000000000100111110111110, done=0
time=840000, reset_n=1, clk=0, start=0, seed_data=1101011000001001, prng_output=00000000000000000100111110111110, done=0
time=845000, reset_n=1, clk=1, start=0, seed_data=1101011000001001, prng_output=00000000000000000100111110111110, done=0
time=850000, reset_n=1, clk=0, start=0, seed_data=1101011000001001, prng_output=00000000000000000100111110111110, done=0
time=855000, reset_n=1, clk=1, start=0, seed_data=1101011000001001, prng_output=00000000000000000100111110111110, done=0
time=860000, reset_n=1, clk=0, start=0, seed_data=1101011000001001, prng_output=00000000000000000100111110111110, done=0
time=865000, reset_n=1, clk=1, start=0, seed_data=1101011000001001, prng_output=00000000000000000100111110111110, done=0
time=870000, reset_n=1, clk=0, start=0, seed_data=1101011000001001, prng_output=00000000000000000100111110111110, done=0
time=875000, reset_n=1, clk=1, start=0, seed_data=1101011000001001, prng_output=00000000000000000100111110111110, done=0
time=880000, reset_n=1, clk=0, start=0, seed_data=1101011000001001, prng_output=00000000000000000100111110111110, done=0
time=885000, reset_n=1, clk=1, start=0, seed_data=1101011000001001, prng_output=00000000000000000100111110111110, done=0
time=890000, reset_n=1, clk=0, start=0, seed_data=1101011000001001, prng_output=00000000000000000100111110111110, done=0
time=895000, reset_n=1, clk=1, start=0, seed_data=1101011000001001, prng_output=00000000000000000100111110111110, done=0
time=900000, reset_n=1, clk=0, start=0, seed_data=1101011000001001, prng_output=00000000000000000100111110111110, done=0
time=905000, reset_n=1, clk=1, start=0, seed_data=1101011000001001, prng_output=00000000000000000100111110111110, done=0
time=910000, reset_n=1, clk=0, start=0, seed_data=1101011000001001, prng_output=00000000000000000100111110111110, done=0
time=915000, reset_n=1, clk=1, start=0, seed_data=1101011000001001, prng_output=00000000000000000100111110111110, done=0
time=920000, reset_n=1, clk=0, start=0, seed_data=1101011000001001, prng_output=00000000000000000100111110111110, done=0
time=925000, reset_n=1, clk=1, start=0, seed_data=1101011000001001, prng_output=00000000000000000100111110111110, done=0
time=930000, reset_n=1, clk=0, start=0, seed_data=1101011000001001, prng_output=00000000000000000100111110111110, done=0
time=935000, reset_n=1, clk=1, start=0, seed_data=1101011000001001, prng_output=00000000000000000100111110111110, done=0
time=940000, reset_n=1, clk=0, start=0, seed_data=1101011000001001, prng_output=00000000000000000100111110111110, done=0
time=945000, reset_n=1, clk=1, start=0, seed_data=1101011000001001, prng_output=00000000000000000100111110111110, done=0
time=950000, reset_n=1, clk=0, start=0, seed_data=1101011000001001, prng_output=00000000000000000100111110111110, done=0
time=955000, reset_n=1, clk=1, start=0, seed_data=1101011000001001, prng_output=00000000000000000100111110111110, done=0
time=960000, reset_n=1, clk=0, start=0, seed_data=1101011000001001, prng_output=00000000000000000100111110111110, done=0
time=965000, reset_n=1, clk=1, start=0, seed_data=1101011000001001, prng_output=00000000000000000100111110111110, done=0
time=970000, reset_n=1, clk=0, start=0, seed_data=0101011001100011, prng_output=00000000000000000100111110111110, done=0
time=975000, reset_n=1, clk=1, start=0, seed_data=0101011001100011, prng_output=00000000000000000100111110111110, done=0
time=980000, reset_n=1, clk=0, start=0, seed_data=0101011001100011, prng_output=00000000000000000100111110111110, done=0
time=985000, reset_n=1, clk=1, start=0, seed_data=0101011001100011, prng_output=00000000000000000011100001011000, done=1
time=990000, reset_n=1, clk=0, start=0, seed_data=0101011001100011, prng_output=00000000000000000011100001011000, done=1
time=995000, reset_n=1, clk=1, start=0, seed_data=0101011001100011, prng_output=00000000000000000011100001011000, done=0
time=1000000, reset_n=1, clk=0, start=0, seed_data=0101011001100011, prng_output=00000000000000000011100001011000, done=0
time=1005000, reset_n=1, clk=1, start=0, seed_data=0101011001100011, prng_output=00000000000000000011100001011000, done=0
time=1010000, reset_n=1, clk=0, start=0, seed_data=0101011001100011, prng_output=00000000000000000011100001011000, done=0
time=1015000, reset_n=1, clk=1, start=0, seed_data=0101011001100011, prng_output=00000000000000000011100001011000, done=0
time=1020000, reset_n=1, clk=0, start=0, seed_data=0101011001100011, prng_output=00000000000000000011100001011000, done=0
time=1025000, reset_n=1, clk=1, start=0, seed_data=0101011001100011, prng_output=00000000000000000011100001011000, done=0
time=1030000, reset_n=1, clk=0, start=0, seed_data=0101011001100011, prng_output=00000000000000000011100001011000, done=0
time=1035000, reset_n=1, clk=1, start=0, seed_data=0101011001100011, prng_output=00000000000000000011100001011000, done=0
time=1040000, reset_n=1, clk=0, start=0, seed_data=0101011001100011, prng_output=00000000000000000011100001011000, done=0
time=1045000, reset_n=1, clk=1, start=0, seed_data=0101011001100011, prng_output=00000000000000000011100001011000, done=0
time=1050000, reset_n=1, clk=0, start=0, seed_data=0101011001100011, prng_output=00000000000000000011100001011000, done=0
time=1055000, reset_n=1, clk=1, start=0, seed_data=0101011001100011, prng_output=00000000000000000011100001011000, done=0
time=1060000, reset_n=1, clk=0, start=0, seed_data=0101011001100011, prng_output=00000000000000000011100001011000, done=0
time=1065000, reset_n=1, clk=1, start=0, seed_data=0101011001100011, prng_output=00000000000000000011100001011000, done=0
time=1070000, reset_n=1, clk=0, start=0, seed_data=0101011001100011, prng_output=00000000000000000011100001011000, done=0
time=1075000, reset_n=1, clk=1, start=0, seed_data=0101011001100011, prng_output=00000000000000000011100001011000, done=0
time=1080000, reset_n=1, clk=0, start=0, seed_data=0101011001100011, prng_output=00000000000000000011100001011000, done=0
time=1085000, reset_n=1, clk=1, start=0, seed_data=0101011001100011, prng_output=00000000000000000011100001011000, done=0
time=1090000, reset_n=1, clk=0, start=0, seed_data=0101011001100011, prng_output=00000000000000000011100001011000, done=0
time=1095000, reset_n=1, clk=1, start=0, seed_data=0101011001100011, prng_output=00000000000000000011100001011000, done=0
time=1100000, reset_n=1, clk=0, start=0, seed_data=0101011001100011, prng_output=00000000000000000011100001011000, done=0
time=1105000, reset_n=1, clk=1, start=0, seed_data=0101011001100011, prng_output=00000000000000000011100001011000, done=0
time=1110000, reset_n=1, clk=0, start=0, seed_data=0101011001100011, prng_output=00000000000000000011100001011000, done=0
time=1115000, reset_n=1, clk=1, start=0, seed_data=0101011001100011, prng_output=00000000000000000011100001011000, done=0
time=1120000, reset_n=1, clk=0, start=0, seed_data=0101011001100011, prng_output=00000000000000000011100001011000, done=0
time=1125000, reset_n=1, clk=1, start=0, seed_data=0101011001100011, prng_output=00000000000000000011100001011000, done=0
time=1130000, reset_n=1, clk=0, start=0, seed_data=0101011001100011, prng_output=00000000000000000011100001011000, done=0
time=1135000, reset_n=1, clk=1, start=0, seed_data=0101011001100011, prng_output=00000000000000000011100001011000, done=0
time=1140000, reset_n=1, clk=0, start=0, seed_data=0101011001100011, prng_output=00000000000000000011100001011000, done=0
time=1145000, reset_n=1, clk=1, start=0, seed_data=0101011001100011, prng_output=00000000000000000011100001011000, done=0
time=1150000, reset_n=1, clk=0, start=0, seed_data=0101011001100011, prng_output=00000000000000000011100001011000, done=0
time=1155000, reset_n=1, clk=1, start=0, seed_data=0101011001100011, prng_output=00000000000000000011100001011000, done=0
time=1160000, reset_n=1, clk=0, start=0, seed_data=0101011001100011, prng_output=00000000000000000011100001011000, done=0
time=1165000, reset_n=1, clk=1, start=0, seed_data=0101011001100011, prng_output=00000000000000000011100001011000, done=0
time=1170000, reset_n=1, clk=0, start=0, seed_data=0101011001100011, prng_output=00000000000000000011100001011000, done=0
time=1175000, reset_n=1, clk=1, start=0, seed_data=0101011001100011, prng_output=00000000000000000011100001011000, done=0
time=1180000, reset_n=1, clk=0, start=0, seed_data=0101011001100011, prng_output=00000000000000000011100001011000, done=0
time=1185000, reset_n=1, clk=1, start=0, seed_data=0101011001100011, prng_output=00000000000000000011100001011000, done=0
time=1190000, reset_n=1, clk=0, start=0, seed_data=0101011001100011, prng_output=00000000000000000011100001011000, done=0
time=1195000, reset_n=1, clk=1, start=0, seed_data=0101011001100011, prng_output=00000000000000000011100001011000, done=0
time=1200000, reset_n=1, clk=0, start=0, seed_data=0101011001100011, prng_output=00000000000000000011100001011000, done=0
time=1205000, reset_n=1, clk=1, start=0, seed_data=0101011001100011, prng_output=00000000000000000011100001011000, done=0
time=1210000, reset_n=1, clk=0, start=0, seed_data=0101011001100011, prng_output=00000000000000000011100001011000, done=0
time=1215000, reset_n=1, clk=1, start=0, seed_data=0101011001100011, prng_output=00000000000000000011100001011000, done=0
time=1220000, reset_n=1, clk=0, start=0, seed_data=0101011001100011, prng_output=00000000000000000011100001011000, done=0
time=1225000, reset_n=1, clk=1, start=0, seed_data=0101011001100011, prng_output=00000000000000000011100001011000, done=0
time=1230000, reset_n=1, clk=0, start=0, seed_data=0101011001100011, prng_output=00000000000000000011100001011000, done=0
time=1235000, reset_n=1, clk=1, start=0, seed_data=0101011001100011, prng_output=00000000000000000011100001011000, done=0
time=1240000, reset_n=1, clk=0, start=0, seed_data=0101011001100011, prng_output=00000000000000000011100001011000, done=0
time=1245000, reset_n=1, clk=1, start=0, seed_data=0101011001100011, prng_output=00000000000000000011100001011000, done=0
time=1250000, reset_n=1, clk=0, start=0, seed_data=0101011001100011, prng_output=00000000000000000011100001011000, done=0
time=1255000, reset_n=1, clk=1, start=0, seed_data=0101011001100011, prng_output=00000000000000000011100001011000, done=0
time=1260000, reset_n=1, clk=0, start=0, seed_data=0101011001100011, prng_output=00000000000000000011100001011000, done=0
time=1265000, reset_n=1, clk=1, start=0, seed_data=0101011001100011, prng_output=00000000000000000011100001011000, done=0
time=1270000, reset_n=1, clk=0, start=0, seed_data=0101011001100011, prng_output=00000000000000000011100001011000, done=0
time=1275000, reset_n=1, clk=1, start=0, seed_data=0101011001100011, prng_output=00000000000000000011100001011000, done=0
time=1280000, reset_n=1, clk=0, start=0, seed_data=0101011001100011, prng_output=00000000000000000011100001011000, done=0
time=1285000, reset_n=1, clk=1, start=0, seed_data=0101011001100011, prng_output=00000000000000000011100001011000, done=0
time=1290000, reset_n=1, clk=0, start=0, seed_data=0111101100001101, prng_output=00000000000000000011100001011000, done=0
time=1295000, reset_n=1, clk=1, start=0, seed_data=0111101100001101, prng_output=00000000000000000011100001011000, done=0
time=1300000, reset_n=1, clk=0, start=0, seed_data=0111101100001101, prng_output=00000000000000000011100001011000, done=0
time=1305000, reset_n=1, clk=1, start=0, seed_data=0111101100001101, prng_output=00000000000000010010110111101010, done=1
time=1310000, reset_n=1, clk=0, start=0, seed_data=0111101100001101, prng_output=00000000000000010010110111101010, done=1
time=1315000, reset_n=1, clk=1, start=0, seed_data=0111101100001101, prng_output=00000000000000010010110111101010, done=0
time=1320000, reset_n=1, clk=0, start=0, seed_data=0111101100001101, prng_output=00000000000000010010110111101010, done=0
time=1325000, reset_n=1, clk=1, start=0, seed_data=0111101100001101, prng_output=00000000000000010010110111101010, done=0
time=1330000, reset_n=1, clk=0, start=0, seed_data=0111101100001101, prng_output=00000000000000010010110111101010, done=0
time=1335000, reset_n=1, clk=1, start=0, seed_data=0111101100001101, prng_output=00000000000000010010110111101010, done=0
time=1340000, reset_n=1, clk=0, start=0, seed_data=0111101100001101, prng_output=00000000000000010010110111101010, done=0
time=1345000, reset_n=1, clk=1, start=0, seed_data=0111101100001101, prng_output=00000000000000010010110111101010, done=0
time=1350000, reset_n=1, clk=0, start=0, seed_data=0111101100001101, prng_output=00000000000000010010110111101010, done=0
time=1355000, reset_n=1, clk=1, start=0, seed_data=0111101100001101, prng_output=00000000000000010010110111101010, done=0
time=1360000, reset_n=1, clk=0, start=0, seed_data=0111101100001101, prng_output=00000000000000010010110111101010, done=0
time=1365000, reset_n=1, clk=1, start=0, seed_data=0111101100001101, prng_output=00000000000000010010110111101010, done=0
time=1370000, reset_n=1, clk=0, start=0, seed_data=0111101100001101, prng_output=00000000000000010010110111101010, done=0
time=1375000, reset_n=1, clk=1, start=0, seed_data=0111101100001101, prng_output=00000000000000010010110111101010, done=0
time=1380000, reset_n=1, clk=0, start=0, seed_data=0111101100001101, prng_output=00000000000000010010110111101010, done=0
time=1385000, reset_n=1, clk=1, start=0, seed_data=0111101100001101, prng_output=00000000000000010010110111101010, done=0
time=1390000, reset_n=1, clk=0, start=0, seed_data=0111101100001101, prng_output=00000000000000010010110111101010, done=0
time=1395000, reset_n=1, clk=1, start=0, seed_data=0111101100001101, prng_output=00000000000000010010110111101010, done=0
time=1400000, reset_n=1, clk=0, start=0, seed_data=0111101100001101, prng_output=00000000000000010010110111101010, done=0
time=1405000, reset_n=1, clk=1, start=0, seed_data=0111101100001101, prng_output=00000000000000010010110111101010, done=0
time=1410000, reset_n=1, clk=0, start=0, seed_data=0111101100001101, prng_output=00000000000000010010110111101010, done=0
time=1415000, reset_n=1, clk=1, start=0, seed_data=0111101100001101, prng_output=00000000000000010010110111101010, done=0
time=1420000, reset_n=1, clk=0, start=0, seed_data=0111101100001101, prng_output=00000000000000010010110111101010, done=0
time=1425000, reset_n=1, clk=1, start=0, seed_data=0111101100001101, prng_output=00000000000000010010110111101010, done=0
time=1430000, reset_n=1, clk=0, start=0, seed_data=0111101100001101, prng_output=00000000000000010010110111101010, done=0
time=1435000, reset_n=1, clk=1, start=0, seed_data=0111101100001101, prng_output=00000000000000010010110111101010, done=0
time=1440000, reset_n=1, clk=0, start=0, seed_data=0111101100001101, prng_output=00000000000000010010110111101010, done=0
time=1445000, reset_n=1, clk=1, start=0, seed_data=0111101100001101, prng_output=00000000000000010010110111101010, done=0
time=1450000, reset_n=1, clk=0, start=0, seed_data=0111101100001101, prng_output=00000000000000010010110111101010, done=0
time=1455000, reset_n=1, clk=1, start=0, seed_data=0111101100001101, prng_output=00000000000000010010110111101010, done=0
time=1460000, reset_n=1, clk=0, start=0, seed_data=0111101100001101, prng_output=00000000000000010010110111101010, done=0
time=1465000, reset_n=1, clk=1, start=0, seed_data=0111101100001101, prng_output=00000000000000010010110111101010, done=0
time=1470000, reset_n=1, clk=0, start=0, seed_data=0111101100001101, prng_output=00000000000000010010110111101010, done=0
time=1475000, reset_n=1, clk=1, start=0, seed_data=0111101100001101, prng_output=00000000000000010010110111101010, done=0
time=1480000, reset_n=1, clk=0, start=0, seed_data=0111101100001101, prng_output=00000000000000010010110111101010, done=0
time=1485000, reset_n=1, clk=1, start=0, seed_data=0111101100001101, prng_output=00000000000000010010110111101010, done=0
time=1490000, reset_n=1, clk=0, start=0, seed_data=0111101100001101, prng_output=00000000000000010010110111101010, done=0
time=1495000, reset_n=1, clk=1, start=0, seed_data=0111101100001101, prng_output=00000000000000010010110111101010, done=0
time=1500000, reset_n=1, clk=0, start=0, seed_data=0111101100001101, prng_output=00000000000000010010110111101010, done=0
time=1505000, reset_n=1, clk=1, start=0, seed_data=0111101100001101, prng_output=00000000000000010010110111101010, done=0
time=1510000, reset_n=1, clk=0, start=0, seed_data=0111101100001101, prng_output=00000000000000010010110111101010, done=0
time=1515000, reset_n=1, clk=1, start=0, seed_data=0111101100001101, prng_output=00000000000000010010110111101010, done=0
time=1520000, reset_n=1, clk=0, start=0, seed_data=0111101100001101, prng_output=00000000000000010010110111101010, done=0
time=1525000, reset_n=1, clk=1, start=0, seed_data=0111101100001101, prng_output=00000000000000010010110111101010, done=0
time=1530000, reset_n=1, clk=0, start=0, seed_data=0111101100001101, prng_output=00000000000000010010110111101010, done=0
time=1535000, reset_n=1, clk=1, start=0, seed_data=0111101100001101, prng_output=00000000000000010010110111101010, done=0
time=1540000, reset_n=1, clk=0, start=0, seed_data=0111101100001101, prng_output=00000000000000010010110111101010, done=0
time=1545000, reset_n=1, clk=1, start=0, seed_data=0111101100001101, prng_output=00000000000000010010110111101010, done=0
time=1550000, reset_n=1, clk=0, start=0, seed_data=0111101100001101, prng_output=00000000000000010010110111101010, done=0
time=1555000, reset_n=1, clk=1, start=0, seed_data=0111101100001101, prng_output=00000000000000010010110111101010, done=0
time=1560000, reset_n=1, clk=0, start=0, seed_data=0111101100001101, prng_output=00000000000000010010110111101010, done=0
time=1565000, reset_n=1, clk=1, start=0, seed_data=0111101100001101, prng_output=00000000000000010010110111101010, done=0
time=1570000, reset_n=1, clk=0, start=0, seed_data=0111101100001101, prng_output=00000000000000010010110111101010, done=0
time=1575000, reset_n=1, clk=1, start=0, seed_data=0111101100001101, prng_output=00000000000000010010110111101010, done=0
time=1580000, reset_n=1, clk=0, start=0, seed_data=0111101100001101, prng_output=00000000000000010010110111101010, done=0
time=1585000, reset_n=1, clk=1, start=0, seed_data=0111101100001101, prng_output=00000000000000010010110111101010, done=0
time=1590000, reset_n=1, clk=0, start=0, seed_data=0111101100001101, prng_output=00000000000000010010110111101010, done=0
time=1595000, reset_n=1, clk=1, start=0, seed_data=0111101100001101, prng_output=00000000000000010010110111101010, done=0
time=1600000, reset_n=1, clk=0, start=0, seed_data=0111101100001101, prng_output=00000000000000010010110111101010, done=0
time=1605000, reset_n=1, clk=1, start=0, seed_data=0111101100001101, prng_output=00000000000000010010110111101010, done=0
time=1610000, reset_n=1, clk=0, start=0, seed_data=1001100110001101, prng_output=00000000000000010010110111101010, done=0
time=1615000, reset_n=1, clk=1, start=0, seed_data=1001100110001101, prng_output=00000000000000010010110111101010, done=0
time=1620000, reset_n=1, clk=0, start=0, seed_data=1001100110001101, prng_output=00000000000000010010110111101010, done=0
time=1625000, reset_n=1, clk=1, start=0, seed_data=1001100110001101, prng_output=00000000000000000011100100010100, done=1
time=1630000, reset_n=1, clk=0, start=0, seed_data=1001100110001101, prng_output=00000000000000000011100100010100, done=1
time=1635000, reset_n=1, clk=1, start=0, seed_data=1001100110001101, prng_output=00000000000000000011100100010100, done=0
time=1640000, reset_n=1, clk=0, start=0, seed_data=1001100110001101, prng_output=00000000000000000011100100010100, done=0
time=1645000, reset_n=1, clk=1, start=0, seed_data=1001100110001101, prng_output=00000000000000000011100100010100, done=0
time=1650000, reset_n=1, clk=0, start=0, seed_data=1001100110001101, prng_output=00000000000000000011100100010100, done=0
time=1655000, reset_n=1, clk=1, start=0, seed_data=1001100110001101, prng_output=00000000000000000011100100010100, done=0
time=1660000, reset_n=1, clk=0, start=0, seed_data=1001100110001101, prng_output=00000000000000000011100100010100, done=0
time=1665000, reset_n=1, clk=1, start=0, seed_data=1001100110001101, prng_output=00000000000000000011100100010100, done=0
time=1670000, reset_n=1, clk=0, start=0, seed_data=1001100110001101, prng_output=00000000000000000011100100010100, done=0
time=1675000, reset_n=1, clk=1, start=0, seed_data=1001100110001101, prng_output=00000000000000000011100100010100, done=0
time=1680000, reset_n=1, clk=0, start=0, seed_data=1001100110001101, prng_output=00000000000000000011100100010100, done=0
time=1685000, reset_n=1, clk=1, start=0, seed_data=1001100110001101, prng_output=00000000000000000011100100010100, done=0
time=1690000, reset_n=1, clk=0, start=0, seed_data=1001100110001101, prng_output=00000000000000000011100100010100, done=0
time=1695000, reset_n=1, clk=1, start=0, seed_data=1001100110001101, prng_output=00000000000000000011100100010100, done=0
time=1700000, reset_n=1, clk=0, start=0, seed_data=1001100110001101, prng_output=00000000000000000011100100010100, done=0
time=1705000, reset_n=1, clk=1, start=0, seed_data=1001100110001101, prng_output=00000000000000000011100100010100, done=0
time=1710000, reset_n=1, clk=0, start=0, seed_data=1001100110001101, prng_output=00000000000000000011100100010100, done=0
time=1715000, reset_n=1, clk=1, start=0, seed_data=1001100110001101, prng_output=00000000000000000011100100010100, done=0
time=1720000, reset_n=1, clk=0, start=0, seed_data=1001100110001101, prng_output=00000000000000000011100100010100, done=0
time=1725000, reset_n=1, clk=1, start=0, seed_data=1001100110001101, prng_output=00000000000000000011100100010100, done=0
time=1730000, reset_n=1, clk=0, start=0, seed_data=1001100110001101, prng_output=00000000000000000011100100010100, done=0
time=1735000, reset_n=1, clk=1, start=0, seed_data=1001100110001101, prng_output=00000000000000000011100100010100, done=0
time=1740000, reset_n=1, clk=0, start=0, seed_data=1001100110001101, prng_output=00000000000000000011100100010100, done=0
time=1745000, reset_n=1, clk=1, start=0, seed_data=1001100110001101, prng_output=00000000000000000011100100010100, done=0
time=1750000, reset_n=1, clk=0, start=0, seed_data=1001100110001101, prng_output=00000000000000000011100100010100, done=0
time=1755000, reset_n=1, clk=1, start=0, seed_data=1001100110001101, prng_output=00000000000000000011100100010100, done=0
time=1760000, reset_n=1, clk=0, start=0, seed_data=1001100110001101, prng_output=00000000000000000011100100010100, done=0
time=1765000, reset_n=1, clk=1, start=0, seed_data=1001100110001101, prng_output=00000000000000000011100100010100, done=0
time=1770000, reset_n=1, clk=0, start=0, seed_data=1001100110001101, prng_output=00000000000000000011100100010100, done=0
time=1775000, reset_n=1, clk=1, start=0, seed_data=1001100110001101, prng_output=00000000000000000011100100010100, done=0
time=1780000, reset_n=1, clk=0, start=0, seed_data=1001100110001101, prng_output=00000000000000000011100100010100, done=0
time=1785000, reset_n=1, clk=1, start=0, seed_data=1001100110001101, prng_output=00000000000000000011100100010100, done=0
time=1790000, reset_n=1, clk=0, start=0, seed_data=1001100110001101, prng_output=00000000000000000011100100010100, done=0
time=1795000, reset_n=1, clk=1, start=0, seed_data=1001100110001101, prng_output=00000000000000000011100100010100, done=0
time=1800000, reset_n=1, clk=0, start=0, seed_data=1001100110001101, prng_output=00000000000000000011100100010100, done=0
time=1805000, reset_n=1, clk=1, start=0, seed_data=1001100110001101, prng_output=00000000000000000011100100010100, done=0
time=1810000, reset_n=1, clk=0, start=0, seed_data=1001100110001101, prng_output=00000000000000000011100100010100, done=0
time=1815000, reset_n=1, clk=1, start=0, seed_data=1001100110001101, prng_output=00000000000000000011100100010100, done=0
time=1820000, reset_n=1, clk=0, start=0, seed_data=1001100110001101, prng_output=00000000000000000011100100010100, done=0
time=1825000, reset_n=1, clk=1, start=0, seed_data=1001100110001101, prng_output=00000000000000000011100100010100, done=0
time=1830000, reset_n=1, clk=0, start=0, seed_data=1001100110001101, prng_output=00000000000000000011100100010100, done=0
time=1835000, reset_n=1, clk=1, start=0, seed_data=1001100110001101, prng_output=00000000000000000011100100010100, done=0
time=1840000, reset_n=1, clk=0, start=0, seed_data=1001100110001101, prng_output=00000000000000000011100100010100, done=0
time=1845000, reset_n=1, clk=1, start=0, seed_data=1001100110001101, prng_output=00000000000000000011100100010100, done=0
time=1850000, reset_n=1, clk=0, start=0, seed_data=1001100110001101, prng_output=00000000000000000011100100010100, done=0
time=1855000, reset_n=1, clk=1, start=0, seed_data=1001100110001101, prng_output=00000000000000000011100100010100, done=0
time=1860000, reset_n=1, clk=0, start=0, seed_data=1001100110001101, prng_output=00000000000000000011100100010100, done=0
time=1865000, reset_n=1, clk=1, start=0, seed_data=1001100110001101, prng_output=00000000000000000011100100010100, done=0
time=1870000, reset_n=1, clk=0, start=0, seed_data=1001100110001101, prng_output=00000000000000000011100100010100, done=0
time=1875000, reset_n=1, clk=1, start=0, seed_data=1001100110001101, prng_output=00000000000000000011100100010100, done=0
time=1880000, reset_n=1, clk=0, start=0, seed_data=1001100110001101, prng_output=00000000000000000011100100010100, done=0
time=1885000, reset_n=1, clk=1, start=0, seed_data=1001100110001101, prng_output=00000000000000000011100100010100, done=0
time=1890000, reset_n=1, clk=0, start=0, seed_data=1001100110001101, prng_output=00000000000000000011100100010100, done=0
time=1895000, reset_n=1, clk=1, start=0, seed_data=1001100110001101, prng_output=00000000000000000011100100010100, done=0
time=1900000, reset_n=1, clk=0, start=0, seed_data=1001100110001101, prng_output=00000000000000000011100100010100, done=0
time=1905000, reset_n=1, clk=1, start=0, seed_data=1001100110001101, prng_output=00000000000000000011100100010100, done=0
time=1910000, reset_n=1, clk=0, start=0, seed_data=1001100110001101, prng_output=00000000000000000011100100010100, done=0
time=1915000, reset_n=1, clk=1, start=0, seed_data=1001100110001101, prng_output=00000000000000000011100100010100, done=0
time=1920000, reset_n=1, clk=0, start=0, seed_data=1001100110001101, prng_output=00000000000000000011100100010100, done=0
time=1925000, reset_n=1, clk=1, start=0, seed_data=1001100110001101, prng_output=00000000000000000011100100010100, done=0
time=1930000, reset_n=1, clk=0, start=0, seed_data=1000010001100101, prng_output=00000000000000000011100100010100, done=0
time=1935000, reset_n=1, clk=1, start=0, seed_data=1000010001100101, prng_output=00000000000000000011100100010100, done=0
time=1940000, reset_n=1, clk=0, start=0, seed_data=1000010001100101, prng_output=00000000000000000011100100010100, done=0
time=1945000, reset_n=1, clk=1, start=0, seed_data=1000010001100101, prng_output=00000000000000001100010111110110, done=1
time=1950000, reset_n=1, clk=0, start=0, seed_data=1000010001100101, prng_output=00000000000000001100010111110110, done=1
time=1955000, reset_n=1, clk=1, start=0, seed_data=1000010001100101, prng_output=00000000000000001100010111110110, done=0
time=1960000, reset_n=1, clk=0, start=0, seed_data=1000010001100101, prng_output=00000000000000001100010111110110, done=0
time=1965000, reset_n=1, clk=1, start=0, seed_data=1000010001100101, prng_output=00000000000000001100010111110110, done=0
time=1970000, reset_n=1, clk=0, start=0, seed_data=1000010001100101, prng_output=00000000000000001100010111110110, done=0
time=1975000, reset_n=1, clk=1, start=0, seed_data=1000010001100101, prng_output=00000000000000001100010111110110, done=0
time=1980000, reset_n=1, clk=0, start=0, seed_data=1000010001100101, prng_output=00000000000000001100010111110110, done=0
time=1985000, reset_n=1, clk=1, start=0, seed_data=1000010001100101, prng_output=00000000000000001100010111110110, done=0
time=1990000, reset_n=1, clk=0, start=0, seed_data=1000010001100101, prng_output=00000000000000001100010111110110, done=0
time=1995000, reset_n=1, clk=1, start=0, seed_data=1000010001100101, prng_output=00000000000000001100010111110110, done=0
time=2000000, reset_n=1, clk=0, start=0, seed_data=1000010001100101, prng_output=00000000000000001100010111110110, done=0
time=2005000, reset_n=1, clk=1, start=0, seed_data=1000010001100101, prng_output=00000000000000001100010111110110, done=0
time=2010000, reset_n=1, clk=0, start=0, seed_data=1000010001100101, prng_output=00000000000000001100010111110110, done=0
time=2015000, reset_n=1, clk=1, start=0, seed_data=1000010001100101, prng_output=00000000000000001100010111110110, done=0
time=2020000, reset_n=1, clk=0, start=0, seed_data=1000010001100101, prng_output=00000000000000001100010111110110, done=0
time=2025000, reset_n=1, clk=1, start=0, seed_data=1000010001100101, prng_output=00000000000000001100010111110110, done=0
time=2030000, reset_n=1, clk=0, start=0, seed_data=1000010001100101, prng_output=00000000000000001100010111110110, done=0
time=2035000, reset_n=1, clk=1, start=0, seed_data=1000010001100101, prng_output=00000000000000001100010111110110, done=0
time=2040000, reset_n=1, clk=0, start=0, seed_data=1000010001100101, prng_output=00000000000000001100010111110110, done=0
time=2045000, reset_n=1, clk=1, start=0, seed_data=1000010001100101, prng_output=00000000000000001100010111110110, done=0
time=2050000, reset_n=1, clk=0, start=0, seed_data=1000010001100101, prng_output=00000000000000001100010111110110, done=0
time=2055000, reset_n=1, clk=1, start=0, seed_data=1000010001100101, prng_output=00000000000000001100010111110110, done=0
time=2060000, reset_n=1, clk=0, start=0, seed_data=1000010001100101, prng_output=00000000000000001100010111110110, done=0
time=2065000, reset_n=1, clk=1, start=0, seed_data=1000010001100101, prng_output=00000000000000001100010111110110, done=0
time=2070000, reset_n=1, clk=0, start=0, seed_data=1000010001100101, prng_output=00000000000000001100010111110110, done=0
time=2075000, reset_n=1, clk=1, start=0, seed_data=1000010001100101, prng_output=00000000000000001100010111110110, done=0
time=2080000, reset_n=1, clk=0, start=0, seed_data=1000010001100101, prng_output=00000000000000001100010111110110, done=0
time=2085000, reset_n=1, clk=1, start=0, seed_data=1000010001100101, prng_output=00000000000000001100010111110110, done=0
time=2090000, reset_n=1, clk=0, start=0, seed_data=1000010001100101, prng_output=00000000000000001100010111110110, done=0
time=2095000, reset_n=1, clk=1, start=0, seed_data=1000010001100101, prng_output=00000000000000001100010111110110, done=0
time=2100000, reset_n=1, clk=0, start=0, seed_data=1000010001100101, prng_output=00000000000000001100010111110110, done=0
time=2105000, reset_n=1, clk=1, start=0, seed_data=1000010001100101, prng_output=00000000000000001100010111110110, done=0
time=2110000, reset_n=1, clk=0, start=0, seed_data=1000010001100101, prng_output=00000000000000001100010111110110, done=0
time=2115000, reset_n=1, clk=1, start=0, seed_data=1000010001100101, prng_output=00000000000000001100010111110110, done=0
time=2120000, reset_n=1, clk=0, start=0, seed_data=1000010001100101, prng_output=00000000000000001100010111110110, done=0
time=2125000, reset_n=1, clk=1, start=0, seed_data=1000010001100101, prng_output=00000000000000001100010111110110, done=0
time=2130000, reset_n=1, clk=0, start=0, seed_data=1000010001100101, prng_output=00000000000000001100010111110110, done=0
time=2135000, reset_n=1, clk=1, start=0, seed_data=1000010001100101, prng_output=00000000000000001100010111110110, done=0
time=2140000, reset_n=1, clk=0, start=0, seed_data=1000010001100101, prng_output=00000000000000001100010111110110, done=0
time=2145000, reset_n=1, clk=1, start=0, seed_data=1000010001100101, prng_output=00000000000000001100010111110110, done=0
time=2150000, reset_n=1, clk=0, start=0, seed_data=1000010001100101, prng_output=00000000000000001100010111110110, done=0
time=2155000, reset_n=1, clk=1, start=0, seed_data=1000010001100101, prng_output=00000000000000001100010111110110, done=0
time=2160000, reset_n=1, clk=0, start=0, seed_data=1000010001100101, prng_output=00000000000000001100010111110110, done=0
time=2165000, reset_n=1, clk=1, start=0, seed_data=1000010001100101, prng_output=00000000000000001100010111110110, done=0
time=2170000, reset_n=1, clk=0, start=0, seed_data=1000010001100101, prng_output=00000000000000001100010111110110, done=0
time=2175000, reset_n=1, clk=1, start=0, seed_data=1000010001100101, prng_output=00000000000000001100010111110110, done=0
time=2180000, reset_n=1, clk=0, start=0, seed_data=1000010001100101, prng_output=00000000000000001100010111110110, done=0
time=2185000, reset_n=1, clk=1, start=0, seed_data=1000010001100101, prng_output=00000000000000001100010111110110, done=0
time=2190000, reset_n=1, clk=0, start=0, seed_data=1000010001100101, prng_output=00000000000000001100010111110110, done=0
time=2195000, reset_n=1, clk=1, start=0, seed_data=1000010001100101, prng_output=00000000000000001100010111110110, done=0
time=2200000, reset_n=1, clk=0, start=0, seed_data=1000010001100101, prng_output=00000000000000001100010111110110, done=0
time=2205000, reset_n=1, clk=1, start=0, seed_data=1000010001100101, prng_output=00000000000000001100010111110110, done=0
time=2210000, reset_n=1, clk=0, start=0, seed_data=1000010001100101, prng_output=00000000000000001100010111110110, done=0
time=2215000, reset_n=1, clk=1, start=0, seed_data=1000010001100101, prng_output=00000000000000001100010111110110, done=0
time=2220000, reset_n=1, clk=0, start=0, seed_data=1000010001100101, prng_output=00000000000000001100010111110110, done=0
time=2225000, reset_n=1, clk=1, start=0, seed_data=1000010001100101, prng_output=00000000000000001100010111110110, done=0
time=2230000, reset_n=1, clk=0, start=0, seed_data=1000010001100101, prng_output=00000000000000001100010111110110, done=0
time=2235000, reset_n=1, clk=1, start=0, seed_data=1000010001100101, prng_output=00000000000000001100010111110110, done=0
time=2240000, reset_n=1, clk=0, start=0, seed_data=1000010001100101, prng_output=00000000000000001100010111110110, done=0
time=2245000, reset_n=1, clk=1, start=0, seed_data=1000010001100101, prng_output=00000000000000001100010111110110, done=0
time=2250000, reset_n=1, clk=0, start=0, seed_data=0101001000010010, prng_output=00000000000000001100010111110110, done=0
time=2255000, reset_n=1, clk=1, start=0, seed_data=0101001000010010, prng_output=00000000000000001100010111110110, done=0
time=2260000, reset_n=1, clk=0, start=0, seed_data=0101001000010010, prng_output=00000000000000001100010111110110, done=0
time=2265000, reset_n=1, clk=1, start=0, seed_data=0101001000010010, prng_output=00000000000000011001111000110000, done=1
time=2270000, reset_n=1, clk=0, start=0, seed_data=0101001000010010, prng_output=00000000000000011001111000110000, done=1
time=2275000, reset_n=1, clk=1, start=0, seed_data=0101001000010010, prng_output=00000000000000011001111000110000, done=0
time=2280000, reset_n=1, clk=0, start=0, seed_data=0101001000010010, prng_output=00000000000000011001111000110000, done=0
time=2285000, reset_n=1, clk=1, start=0, seed_data=0101001000010010, prng_output=00000000000000011001111000110000, done=0
time=2290000, reset_n=1, clk=0, start=0, seed_data=0101001000010010, prng_output=00000000000000011001111000110000, done=0
time=2295000, reset_n=1, clk=1, start=0, seed_data=0101001000010010, prng_output=00000000000000011001111000110000, done=0
time=2300000, reset_n=1, clk=0, start=0, seed_data=0101001000010010, prng_output=00000000000000011001111000110000, done=0
time=2305000, reset_n=1, clk=1, start=0, seed_data=0101001000010010, prng_output=00000000000000011001111000110000, done=0
time=2310000, reset_n=1, clk=0, start=0, seed_data=0101001000010010, prng_output=00000000000000011001111000110000, done=0
time=2315000, reset_n=1, clk=1, start=0, seed_data=0101001000010010, prng_output=00000000000000011001111000110000, done=0
time=2320000, reset_n=1, clk=0, start=0, seed_data=0101001000010010, prng_output=00000000000000011001111000110000, done=0
time=2325000, reset_n=1, clk=1, start=0, seed_data=0101001000010010, prng_output=00000000000000011001111000110000, done=0
time=2330000, reset_n=1, clk=0, start=0, seed_data=0101001000010010, prng_output=00000000000000011001111000110000, done=0
time=2335000, reset_n=1, clk=1, start=0, seed_data=0101001000010010, prng_output=00000000000000011001111000110000, done=0
time=2340000, reset_n=1, clk=0, start=0, seed_data=0101001000010010, prng_output=00000000000000011001111000110000, done=0
time=2345000, reset_n=1, clk=1, start=0, seed_data=0101001000010010, prng_output=00000000000000011001111000110000, done=0
time=2350000, reset_n=1, clk=0, start=0, seed_data=0101001000010010, prng_output=00000000000000011001111000110000, done=0
time=2355000, reset_n=1, clk=1, start=0, seed_data=0101001000010010, prng_output=00000000000000011001111000110000, done=0
time=2360000, reset_n=1, clk=0, start=0, seed_data=0101001000010010, prng_output=00000000000000011001111000110000, done=0
time=2365000, reset_n=1, clk=1, start=0, seed_data=0101001000010010, prng_output=00000000000000011001111000110000, done=0
time=2370000, reset_n=1, clk=0, start=0, seed_data=0101001000010010, prng_output=00000000000000011001111000110000, done=0
time=2375000, reset_n=1, clk=1, start=0, seed_data=0101001000010010, prng_output=00000000000000011001111000110000, done=0
time=2380000, reset_n=1, clk=0, start=0, seed_data=0101001000010010, prng_output=00000000000000011001111000110000, done=0
time=2385000, reset_n=1, clk=1, start=0, seed_data=0101001000010010, prng_output=00000000000000011001111000110000, done=0
time=2390000, reset_n=1, clk=0, start=0, seed_data=0101001000010010, prng_output=00000000000000011001111000110000, done=0
time=2395000, reset_n=1, clk=1, start=0, seed_data=0101001000010010, prng_output=00000000000000011001111000110000, done=0
time=2400000, reset_n=1, clk=0, start=0, seed_data=0101001000010010, prng_output=00000000000000011001111000110000, done=0
time=2405000, reset_n=1, clk=1, start=0, seed_data=0101001000010010, prng_output=00000000000000011001111000110000, done=0
time=2410000, reset_n=1, clk=0, start=0, seed_data=0101001000010010, prng_output=00000000000000011001111000110000, done=0
time=2415000, reset_n=1, clk=1, start=0, seed_data=0101001000010010, prng_output=00000000000000011001111000110000, done=0
time=2420000, reset_n=1, clk=0, start=0, seed_data=0101001000010010, prng_output=00000000000000011001111000110000, done=0
time=2425000, reset_n=1, clk=1, start=0, seed_data=0101001000010010, prng_output=00000000000000011001111000110000, done=0
time=2430000, reset_n=1, clk=0, start=0, seed_data=0101001000010010, prng_output=00000000000000011001111000110000, done=0
time=2435000, reset_n=1, clk=1, start=0, seed_data=0101001000010010, prng_output=00000000000000011001111000110000, done=0
time=2440000, reset_n=1, clk=0, start=0, seed_data=0101001000010010, prng_output=00000000000000011001111000110000, done=0
time=2445000, reset_n=1, clk=1, start=0, seed_data=0101001000010010, prng_output=00000000000000011001111000110000, done=0
time=2450000, reset_n=1, clk=0, start=0, seed_data=0101001000010010, prng_output=00000000000000011001111000110000, done=0
time=2455000, reset_n=1, clk=1, start=0, seed_data=0101001000010010, prng_output=00000000000000011001111000110000, done=0
time=2460000, reset_n=1, clk=0, start=0, seed_data=0101001000010010, prng_output=00000000000000011001111000110000, done=0
time=2465000, reset_n=1, clk=1, start=0, seed_data=0101001000010010, prng_output=00000000000000011001111000110000, done=0
time=2470000, reset_n=1, clk=0, start=0, seed_data=0101001000010010, prng_output=00000000000000011001111000110000, done=0
time=2475000, reset_n=1, clk=1, start=0, seed_data=0101001000010010, prng_output=00000000000000011001111000110000, done=0
time=2480000, reset_n=1, clk=0, start=0, seed_data=0101001000010010, prng_output=00000000000000011001111000110000, done=0
time=2485000, reset_n=1, clk=1, start=0, seed_data=0101001000010010, prng_output=00000000000000011001111000110000, done=0
time=2490000, reset_n=1, clk=0, start=0, seed_data=0101001000010010, prng_output=00000000000000011001111000110000, done=0
time=2495000, reset_n=1, clk=1, start=0, seed_data=0101001000010010, prng_output=00000000000000011001111000110000, done=0
time=2500000, reset_n=1, clk=0, start=0, seed_data=0101001000010010, prng_output=00000000000000011001111000110000, done=0
time=2505000, reset_n=1, clk=1, start=0, seed_data=0101001000010010, prng_output=00000000000000011001111000110000, done=0
time=2510000, reset_n=1, clk=0, start=0, seed_data=0101001000010010, prng_output=00000000000000011001111000110000, done=0
time=2515000, reset_n=1, clk=1, start=0, seed_data=0101001000010010, prng_output=00000000000000011001111000110000, done=0
time=2520000, reset_n=1, clk=0, start=0, seed_data=0101001000010010, prng_output=00000000000000011001111000110000, done=0
time=2525000, reset_n=1, clk=1, start=0, seed_data=0101001000010010, prng_output=00000000000000011001111000110000, done=0
time=2530000, reset_n=1, clk=0, start=0, seed_data=0101001000010010, prng_output=00000000000000011001111000110000, done=0
time=2535000, reset_n=1, clk=1, start=0, seed_data=0101001000010010, prng_output=00000000000000011001111000110000, done=0
time=2540000, reset_n=1, clk=0, start=0, seed_data=0101001000010010, prng_output=00000000000000011001111000110000, done=0
time=2545000, reset_n=1, clk=1, start=0, seed_data=0101001000010010, prng_output=00000000000000011001111000110000, done=0
time=2550000, reset_n=1, clk=0, start=0, seed_data=0101001000010010, prng_output=00000000000000011001111000110000, done=0
time=2555000, reset_n=1, clk=1, start=0, seed_data=0101001000010010, prng_output=00000000000000011001111000110000, done=0
time=2560000, reset_n=1, clk=0, start=0, seed_data=0101001000010010, prng_output=00000000000000011001111000110000, done=0
time=2565000, reset_n=1, clk=1, start=0, seed_data=0101001000010010, prng_output=00000000000000011001111000110000, done=0
time=2570000, reset_n=1, clk=0, start=0, seed_data=1110001100000001, prng_output=00000000000000011001111000110000, done=0
time=2575000, reset_n=1, clk=1, start=0, seed_data=1110001100000001, prng_output=00000000000000011001111000110000, done=0
time=2580000, reset_n=1, clk=0, start=0, seed_data=1110001100000001, prng_output=00000000000000011001111000110000, done=0
time=2585000, reset_n=1, clk=1, start=0, seed_data=1110001100000001, prng_output=00000000000000010101101011100010, done=1
time=2590000, reset_n=1, clk=0, start=0, seed_data=1110001100000001, prng_output=00000000000000010101101011100010, done=1
time=2595000, reset_n=1, clk=1, start=0, seed_data=1110001100000001, prng_output=00000000000000010101101011100010, done=0
time=2600000, reset_n=1, clk=0, start=0, seed_data=1110001100000001, prng_output=00000000000000010101101011100010, done=0
time=2605000, reset_n=1, clk=1, start=0, seed_data=1110001100000001, prng_output=00000000000000010101101011100010, done=0
time=2610000, reset_n=1, clk=0, start=0, seed_data=1110001100000001, prng_output=00000000000000010101101011100010, done=0
time=2615000, reset_n=1, clk=1, start=0, seed_data=1110001100000001, prng_output=00000000000000010101101011100010, done=0
time=2620000, reset_n=1, clk=0, start=0, seed_data=1110001100000001, prng_output=00000000000000010101101011100010, done=0
time=2625000, reset_n=1, clk=1, start=0, seed_data=1110001100000001, prng_output=00000000000000010101101011100010, done=0
time=2630000, reset_n=1, clk=0, start=0, seed_data=1110001100000001, prng_output=00000000000000010101101011100010, done=0
time=2635000, reset_n=1, clk=1, start=0, seed_data=1110001100000001, prng_output=00000000000000010101101011100010, done=0
time=2640000, reset_n=1, clk=0, start=0, seed_data=1110001100000001, prng_output=00000000000000010101101011100010, done=0
time=2645000, reset_n=1, clk=1, start=0, seed_data=1110001100000001, prng_output=00000000000000010101101011100010, done=0
time=2650000, reset_n=1, clk=0, start=0, seed_data=1110001100000001, prng_output=00000000000000010101101011100010, done=0
time=2655000, reset_n=1, clk=1, start=0, seed_data=1110001100000001, prng_output=00000000000000010101101011100010, done=0
time=2660000, reset_n=1, clk=0, start=0, seed_data=1110001100000001, prng_output=00000000000000010101101011100010, done=0
time=2665000, reset_n=1, clk=1, start=0, seed_data=1110001100000001, prng_output=00000000000000010101101011100010, done=0
time=2670000, reset_n=1, clk=0, start=0, seed_data=1110001100000001, prng_output=00000000000000010101101011100010, done=0
time=2675000, reset_n=1, clk=1, start=0, seed_data=1110001100000001, prng_output=00000000000000010101101011100010, done=0
time=2680000, reset_n=1, clk=0, start=0, seed_data=1110001100000001, prng_output=00000000000000010101101011100010, done=0
time=2685000, reset_n=1, clk=1, start=0, seed_data=1110001100000001, prng_output=00000000000000010101101011100010, done=0
time=2690000, reset_n=1, clk=0, start=0, seed_data=1110001100000001, prng_output=00000000000000010101101011100010, done=0
time=2695000, reset_n=1, clk=1, start=0, seed_data=1110001100000001, prng_output=00000000000000010101101011100010, done=0
time=2700000, reset_n=1, clk=0, start=0, seed_data=1110001100000001, prng_output=00000000000000010101101011100010, done=0
time=2705000, reset_n=1, clk=1, start=0, seed_data=1110001100000001, prng_output=00000000000000010101101011100010, done=0
time=2710000, reset_n=1, clk=0, start=0, seed_data=1110001100000001, prng_output=00000000000000010101101011100010, done=0
time=2715000, reset_n=1, clk=1, start=0, seed_data=1110001100000001, prng_output=00000000000000010101101011100010, done=0
time=2720000, reset_n=1, clk=0, start=0, seed_data=1110001100000001, prng_output=00000000000000010101101011100010, done=0
time=2725000, reset_n=1, clk=1, start=0, seed_data=1110001100000001, prng_output=00000000000000010101101011100010, done=0
time=2730000, reset_n=1, clk=0, start=0, seed_data=1110001100000001, prng_output=00000000000000010101101011100010, done=0
time=2735000, reset_n=1, clk=1, start=0, seed_data=1110001100000001, prng_output=00000000000000010101101011100010, done=0
time=2740000, reset_n=1, clk=0, start=0, seed_data=1110001100000001, prng_output=00000000000000010101101011100010, done=0
time=2745000, reset_n=1, clk=1, start=0, seed_data=1110001100000001, prng_output=00000000000000010101101011100010, done=0
time=2750000, reset_n=1, clk=0, start=0, seed_data=1110001100000001, prng_output=00000000000000010101101011100010, done=0
time=2755000, reset_n=1, clk=1, start=0, seed_data=1110001100000001, prng_output=00000000000000010101101011100010, done=0
time=2760000, reset_n=1, clk=0, start=0, seed_data=1110001100000001, prng_output=00000000000000010101101011100010, done=0
time=2765000, reset_n=1, clk=1, start=0, seed_data=1110001100000001, prng_output=00000000000000010101101011100010, done=0
time=2770000, reset_n=1, clk=0, start=0, seed_data=1110001100000001, prng_output=00000000000000010101101011100010, done=0
time=2775000, reset_n=1, clk=1, start=0, seed_data=1110001100000001, prng_output=00000000000000010101101011100010, done=0
time=2780000, reset_n=1, clk=0, start=0, seed_data=1110001100000001, prng_output=00000000000000010101101011100010, done=0
time=2785000, reset_n=1, clk=1, start=0, seed_data=1110001100000001, prng_output=00000000000000010101101011100010, done=0
time=2790000, reset_n=1, clk=0, start=0, seed_data=1110001100000001, prng_output=00000000000000010101101011100010, done=0
time=2795000, reset_n=1, clk=1, start=0, seed_data=1110001100000001, prng_output=00000000000000010101101011100010, done=0
time=2800000, reset_n=1, clk=0, start=0, seed_data=1110001100000001, prng_output=00000000000000010101101011100010, done=0
time=2805000, reset_n=1, clk=1, start=0, seed_data=1110001100000001, prng_output=00000000000000010101101011100010, done=0
time=2810000, reset_n=1, clk=0, start=0, seed_data=1110001100000001, prng_output=00000000000000010101101011100010, done=0
time=2815000, reset_n=1, clk=1, start=0, seed_data=1110001100000001, prng_output=00000000000000010101101011100010, done=0
time=2820000, reset_n=1, clk=0, start=0, seed_data=1110001100000001, prng_output=00000000000000010101101011100010, done=0
time=2825000, reset_n=1, clk=1, start=0, seed_data=1110001100000001, prng_output=00000000000000010101101011100010, done=0
time=2830000, reset_n=1, clk=0, start=0, seed_data=1110001100000001, prng_output=00000000000000010101101011100010, done=0
time=2835000, reset_n=1, clk=1, start=0, seed_data=1110001100000001, prng_output=00000000000000010101101011100010, done=0
time=2840000, reset_n=1, clk=0, start=0, seed_data=1110001100000001, prng_output=00000000000000010101101011100010, done=0
time=2845000, reset_n=1, clk=1, start=0, seed_data=1110001100000001, prng_output=00000000000000010101101011100010, done=0
time=2850000, reset_n=1, clk=0, start=0, seed_data=1110001100000001, prng_output=00000000000000010101101011100010, done=0
time=2855000, reset_n=1, clk=1, start=0, seed_data=1110001100000001, prng_output=00000000000000010101101011100010, done=0
time=2860000, reset_n=1, clk=0, start=0, seed_data=1110001100000001, prng_output=00000000000000010101101011100010, done=0
time=2865000, reset_n=1, clk=1, start=0, seed_data=1110001100000001, prng_output=00000000000000010101101011100010, done=0
time=2870000, reset_n=1, clk=0, start=0, seed_data=1110001100000001, prng_output=00000000000000010101101011100010, done=0
time=2875000, reset_n=1, clk=1, start=0, seed_data=1110001100000001, prng_output=00000000000000010101101011100010, done=0
time=2880000, reset_n=1, clk=0, start=0, seed_data=1110001100000001, prng_output=00000000000000010101101011100010, done=0
time=2885000, reset_n=1, clk=1, start=0, seed_data=1110001100000001, prng_output=00000000000000010101101011100010, done=0
time=2890000, reset_n=1, clk=0, start=0, seed_data=1100110100001101, prng_output=00000000000000010101101011100010, done=0
time=2895000, reset_n=1, clk=1, start=0, seed_data=1100110100001101, prng_output=00000000000000010101101011100010, done=0
time=2900000, reset_n=1, clk=0, start=0, seed_data=1100110100001101, prng_output=00000000000000010101101011100010, done=0
time=2905000, reset_n=1, clk=1, start=0, seed_data=1100110100001101, prng_output=00000000000000001110111010101100, done=1
time=2910000, reset_n=1, clk=0, start=0, seed_data=1100110100001101, prng_output=00000000000000001110111010101100, done=1
time=2915000, reset_n=1, clk=1, start=0, seed_data=1100110100001101, prng_output=00000000000000001110111010101100, done=0
time=2920000, reset_n=1, clk=0, start=0, seed_data=1100110100001101, prng_output=00000000000000001110111010101100, done=0
time=2925000, reset_n=1, clk=1, start=0, seed_data=1100110100001101, prng_output=00000000000000001110111010101100, done=0
time=2930000, reset_n=1, clk=0, start=0, seed_data=1100110100001101, prng_output=00000000000000001110111010101100, done=0
time=2935000, reset_n=1, clk=1, start=0, seed_data=1100110100001101, prng_output=00000000000000001110111010101100, done=0
time=2940000, reset_n=1, clk=0, start=0, seed_data=1100110100001101, prng_output=00000000000000001110111010101100, done=0
time=2945000, reset_n=1, clk=1, start=0, seed_data=1100110100001101, prng_output=00000000000000001110111010101100, done=0
time=2950000, reset_n=1, clk=0, start=0, seed_data=1100110100001101, prng_output=00000000000000001110111010101100, done=0
time=2955000, reset_n=1, clk=1, start=0, seed_data=1100110100001101, prng_output=00000000000000001110111010101100, done=0
time=2960000, reset_n=1, clk=0, start=0, seed_data=1100110100001101, prng_output=00000000000000001110111010101100, done=0
time=2965000, reset_n=1, clk=1, start=0, seed_data=1100110100001101, prng_output=00000000000000001110111010101100, done=0
time=2970000, reset_n=1, clk=0, start=0, seed_data=1100110100001101, prng_output=00000000000000001110111010101100, done=0
time=2975000, reset_n=1, clk=1, start=0, seed_data=1100110100001101, prng_output=00000000000000001110111010101100, done=0
time=2980000, reset_n=1, clk=0, start=0, seed_data=1100110100001101, prng_output=00000000000000001110111010101100, done=0
time=2985000, reset_n=1, clk=1, start=0, seed_data=1100110100001101, prng_output=00000000000000001110111010101100, done=0
time=2990000, reset_n=1, clk=0, start=0, seed_data=1100110100001101, prng_output=00000000000000001110111010101100, done=0
time=2995000, reset_n=1, clk=1, start=0, seed_data=1100110100001101, prng_output=00000000000000001110111010101100, done=0
time=3000000, reset_n=1, clk=0, start=0, seed_data=1100110100001101, prng_output=00000000000000001110111010101100, done=0
time=3005000, reset_n=1, clk=1, start=0, seed_data=1100110100001101, prng_output=00000000000000001110111010101100, done=0
time=3010000, reset_n=1, clk=0, start=0, seed_data=1100110100001101, prng_output=00000000000000001110111010101100, done=0
time=3015000, reset_n=1, clk=1, start=0, seed_data=1100110100001101, prng_output=00000000000000001110111010101100, done=0
time=3020000, reset_n=1, clk=0, start=0, seed_data=1100110100001101, prng_output=00000000000000001110111010101100, done=0
time=3025000, reset_n=1, clk=1, start=0, seed_data=1100110100001101, prng_output=00000000000000001110111010101100, done=0
time=3030000, reset_n=1, clk=0, start=0, seed_data=1100110100001101, prng_output=00000000000000001110111010101100, done=0
time=3035000, reset_n=1, clk=1, start=0, seed_data=1100110100001101, prng_output=00000000000000001110111010101100, done=0
time=3040000, reset_n=1, clk=0, start=0, seed_data=1100110100001101, prng_output=00000000000000001110111010101100, done=0
time=3045000, reset_n=1, clk=1, start=0, seed_data=1100110100001101, prng_output=00000000000000001110111010101100, done=0
time=3050000, reset_n=1, clk=0, start=0, seed_data=1100110100001101, prng_output=00000000000000001110111010101100, done=0
time=3055000, reset_n=1, clk=1, start=0, seed_data=1100110100001101, prng_output=00000000000000001110111010101100, done=0
time=3060000, reset_n=1, clk=0, start=0, seed_data=1100110100001101, prng_output=00000000000000001110111010101100, done=0
time=3065000, reset_n=1, clk=1, start=0, seed_data=1100110100001101, prng_output=00000000000000001110111010101100, done=0
time=3070000, reset_n=1, clk=0, start=0, seed_data=1100110100001101, prng_output=00000000000000001110111010101100, done=0
time=3075000, reset_n=1, clk=1, start=0, seed_data=1100110100001101, prng_output=00000000000000001110111010101100, done=0
time=3080000, reset_n=1, clk=0, start=0, seed_data=1100110100001101, prng_output=00000000000000001110111010101100, done=0
time=3085000, reset_n=1, clk=1, start=0, seed_data=1100110100001101, prng_output=00000000000000001110111010101100, done=0
time=3090000, reset_n=1, clk=0, start=0, seed_data=1100110100001101, prng_output=00000000000000001110111010101100, done=0
time=3095000, reset_n=1, clk=1, start=0, seed_data=1100110100001101, prng_output=00000000000000001110111010101100, done=0
time=3100000, reset_n=1, clk=0, start=0, seed_data=1100110100001101, prng_output=00000000000000001110111010101100, done=0
time=3105000, reset_n=1, clk=1, start=0, seed_data=1100110100001101, prng_output=00000000000000001110111010101100, done=0
time=3110000, reset_n=1, clk=0, start=0, seed_data=1100110100001101, prng_output=00000000000000001110111010101100, done=0
time=3115000, reset_n=1, clk=1, start=0, seed_data=1100110100001101, prng_output=00000000000000001110111010101100, done=0
time=3120000, reset_n=1, clk=0, start=0, seed_data=1100110100001101, prng_output=00000000000000001110111010101100, done=0
time=3125000, reset_n=1, clk=1, start=0, seed_data=1100110100001101, prng_output=00000000000000001110111010101100, done=0
time=3130000, reset_n=1, clk=0, start=0, seed_data=1100110100001101, prng_output=00000000000000001110111010101100, done=0
time=3135000, reset_n=1, clk=1, start=0, seed_data=1100110100001101, prng_output=00000000000000001110111010101100, done=0
time=3140000, reset_n=1, clk=0, start=0, seed_data=1100110100001101, prng_output=00000000000000001110111010101100, done=0
time=3145000, reset_n=1, clk=1, start=0, seed_data=1100110100001101, prng_output=00000000000000001110111010101100, done=0
time=3150000, reset_n=1, clk=0, start=0, seed_data=1100110100001101, prng_output=00000000000000001110111010101100, done=0
time=3155000, reset_n=1, clk=1, start=0, seed_data=1100110100001101, prng_output=00000000000000001110111010101100, done=0
time=3160000, reset_n=1, clk=0, start=0, seed_data=1100110100001101, prng_output=00000000000000001110111010101100, done=0
time=3165000, reset_n=1, clk=1, start=0, seed_data=1100110100001101, prng_output=00000000000000001110111010101100, done=0
time=3170000, reset_n=1, clk=0, start=0, seed_data=1100110100001101, prng_output=00000000000000001110111010101100, done=0
time=3175000, reset_n=1, clk=1, start=0, seed_data=1100110100001101, prng_output=00000000000000001110111010101100, done=0
time=3180000, reset_n=1, clk=0, start=0, seed_data=1100110100001101, prng_output=00000000000000001110111010101100, done=0
time=3185000, reset_n=1, clk=1, start=0, seed_data=1100110100001101, prng_output=00000000000000001110111010101100, done=0
time=3190000, reset_n=1, clk=0, start=0, seed_data=1100110100001101, prng_output=00000000000000001110111010101100, done=0
time=3195000, reset_n=1, clk=1, start=0, seed_data=1100110100001101, prng_output=00000000000000001110111010101100, done=0
time=3200000, reset_n=1, clk=0, start=0, seed_data=1100110100001101, prng_output=00000000000000001110111010101100, done=0
time=3205000, reset_n=1, clk=1, start=0, seed_data=1100110100001101, prng_output=00000000000000001110111010101100, done=0
Simulation stopped via $stop(1) at time 3210 NS + 0
xcelium> 