VCD info: dumpfile lcg_prng_waveform.vcd opened for output.
First PRNG Output: 208
Cycle          1: PRNG Output: 221
Cycle          2: PRNG Output:  66
Cycle          3: PRNG Output:  90
Cycle          4: PRNG Output: 192
Cycle          5: PRNG Output: 222
Cycle          6: PRNG Output: 189
Cycle          7: PRNG Output: 130
Cycle          8: PRNG Output: 247
Cycle          9: PRNG Output: 195
Cycle         10: PRNG Output:  59
Cycle         11: PRNG Output:  93
Cycle         12: PRNG Output: 147
Cycle         13: PRNG Output: 237
Cycle         14: PRNG Output: 120
Cycle         15: PRNG Output: 136
Cycle         16: PRNG Output:  97
Cycle         17: PRNG Output: 188
Cycle         18: PRNG Output: 192
Cycle         19: PRNG Output:  67
Cycle         20: PRNG Output: 235
Cycle         21: PRNG Output:  46
Cycle         22: PRNG Output: 253
Cycle         23: PRNG Output: 163
Cycle         24: PRNG Output: 189
Cycle         25: PRNG Output:  95
Cycle         26: PRNG Output: 146
Cycle         27: PRNG Output:  29
Cycle         28: PRNG Output:  55
Cycle         29: PRNG Output: 147
Cycle         30: PRNG Output: 107
Cycle         31: PRNG Output:  39
Cycle         32: PRNG Output: 121
Cycle         33: PRNG Output: 106
Cycle         34: PRNG Output: 237
Cycle         35: PRNG Output:  81
Cycle         36: PRNG Output: 210
Cycle         37: PRNG Output: 235
Cycle         38: PRNG Output: 183
Cycle         39: PRNG Output: 150
Cycle         40: PRNG Output: 219
Cycle         41: PRNG Output: 176
Cycle         42: PRNG Output:  47
Cycle         43: PRNG Output: 113
Cycle         44: PRNG Output: 223
Cycle         45: PRNG Output:  54
Cycle         46: PRNG Output:  83
Cycle         47: PRNG Output: 221
Cycle         48: PRNG Output: 218
Cycle         49: PRNG Output: 108
Cycle         50: PRNG Output: 149
Cycle         51: PRNG Output: 216
Cycle         52: PRNG Output: 203
Cycle         53: PRNG Output: 245
Cycle         54: PRNG Output: 120
Cycle         55: PRNG Output: 194
Cycle         56: PRNG Output: 253
Cycle         57: PRNG Output: 137
Cycle         58: PRNG Output: 211
Cycle         59: PRNG Output: 244
Cycle         60: PRNG Output: 159
Cycle         61: PRNG Output:  73
Cycle         62: PRNG Output: 221
Cycle         63: PRNG Output: 155
Cycle         64: PRNG Output: 107
Cycle         65: PRNG Output: 164
Cycle         66: PRNG Output: 216
Cycle         67: PRNG Output: 110
Cycle         68: PRNG Output: 249
Cycle         69: PRNG Output:  23
Cycle         70: PRNG Output: 195
Cycle         71: PRNG Output: 233
Cycle         72: PRNG Output: 151
Cycle         73: PRNG Output:  57
Cycle         74: PRNG Output: 244
Cycle         75: PRNG Output: 160
Cycle         76: PRNG Output: 122
Cycle         77: PRNG Output: 123
Cycle         78: PRNG Output: 157
Cycle         79: PRNG Output:  31
Cycle         80: PRNG Output: 218
Cycle         81: PRNG Output: 201
Cycle         82: PRNG Output: 110
Cycle         83: PRNG Output:  41
Cycle         84: PRNG Output: 212
Cycle         85: PRNG Output: 242
Cycle         86: PRNG Output: 241
Cycle         87: PRNG Output:  89
Cycle         88: PRNG Output: 220
Cycle         89: PRNG Output: 150
Cycle         90: PRNG Output: 128
Cycle         91: PRNG Output: 141
Cycle         92: PRNG Output: 198
Cycle         93: PRNG Output: 118
Cycle         94: PRNG Output:  88
Cycle         95: PRNG Output:  83
Cycle         96: PRNG Output: 228
Cycle         97: PRNG Output: 221
Cycle         98: PRNG Output: 128
Cycle         99: PRNG Output: 149
Cycle        100: PRNG Output: 170
Cycle        101: PRNG Output: 199
Cycle        102: PRNG Output:  85
Cycle        103: PRNG Output: 121
Cycle        104: PRNG Output:  11
Cycle        105: PRNG Output: 227
Cycle        106: PRNG Output: 128
Cycle        107: PRNG Output: 211
Cycle        108: PRNG Output:   2
Cycle        109: PRNG Output: 172
Cycle        110: PRNG Output:  64
Cycle        111: PRNG Output: 219
Cycle        112: PRNG Output:  13
Cycle        113: PRNG Output:  21
Cycle        114: PRNG Output: 161
Cycle        115: PRNG Output: 216
Cycle        116: PRNG Output:   9
Cycle        117: PRNG Output:  58
Cycle        118: PRNG Output:  18
Cycle        119: PRNG Output: 219
Cycle        120: PRNG Output:  21
Cycle        121: PRNG Output: 114
Cycle        122: PRNG Output:  47
Cycle        123: PRNG Output: 212
Cycle        124: PRNG Output:  36
Cycle        125: PRNG Output: 199
Cycle        126: PRNG Output:  76
Cycle        127: PRNG Output: 218
Cycle        128: PRNG Output:  83
Cycle        129: PRNG Output: 247
Cycle        130: PRNG Output: 180
Cycle        131: PRNG Output: 199
Cycle        132: PRNG Output: 152
Cycle        133: PRNG Output: 140
Cycle        134: PRNG Output:  33
Cycle        135: PRNG Output: 253
Cycle        136: PRNG Output: 120
Cycle        137: PRNG Output:  65
Cycle        138: PRNG Output:  92
Cycle        139: PRNG Output: 141
Cycle        140: PRNG Output: 199
Cycle        141: PRNG Output: 178
Cycle        142: PRNG Output: 142
Cycle        143: PRNG Output:  75
Cycle        144: PRNG Output: 253
Cycle        145: PRNG Output:  52
Cycle        146: PRNG Output:  68
Cycle        147: PRNG Output: 180
Cycle        148: PRNG Output: 141
Cycle        149: PRNG Output: 100
Cycle        150: PRNG Output: 187
Cycle        151: PRNG Output:  62
Cycle        152: PRNG Output:  74
Cycle        153: PRNG Output: 253
Cycle        154: PRNG Output:  35
Cycle        155: PRNG Output: 124
Cycle        156: PRNG Output: 181
Cycle        157: PRNG Output: 138
Cycle        158: PRNG Output:  64
Cycle        159: PRNG Output: 215
Cycle        160: PRNG Output:  57
Cycle        161: PRNG Output:  75
Cycle        162: PRNG Output: 167
Cycle        163: PRNG Output: 205
Cycle        164: PRNG Output: 123
Cycle        165: PRNG Output: 171
Cycle        166: PRNG Output:  19
Cycle        167: PRNG Output: 232
Cycle        168: PRNG Output: 200
Cycle        169: PRNG Output:  31
Cycle        170: PRNG Output:  55
Cycle        171: PRNG Output: 167
Cycle        172: PRNG Output: 242
Cycle        173: PRNG Output:  36
Cycle        174: PRNG Output: 106
Cycle        175: PRNG Output:  24
Cycle        176: PRNG Output: 144
Cycle        177: PRNG Output:  89
Cycle        178: PRNG Output: 243
Cycle        179: PRNG Output:  55
Cycle        180: PRNG Output: 118
Cycle        181: PRNG Output: 153
Cycle        182: PRNG Output: 144
Cycle        183: PRNG Output: 103
Cycle        184: PRNG Output: 197
Cycle        185: PRNG Output: 115
Cycle        186: PRNG Output: 112
Cycle        187: PRNG Output: 242
Cycle        188: PRNG Output: 231
Cycle        189: PRNG Output: 192
Cycle        190: PRNG Output: 196
Cycle        191: PRNG Output: 133
Cycle        192: PRNG Output: 164
Cycle        193: PRNG Output: 240
Cycle        194: PRNG Output: 254
Cycle        195: PRNG Output:  87
Cycle        196: PRNG Output:   5
Cycle        197: PRNG Output: 146
Cycle        198: PRNG Output: 131
Cycle        199: PRNG Output: 150
Cycle        200: PRNG Output:  25
Cycle        201: PRNG Output: 127
Cycle        202: PRNG Output:  69
Cycle        203: PRNG Output: 104
Cycle        204: PRNG Output:  55
Cycle        205: PRNG Output: 205
Cycle        206: PRNG Output: 175
Cycle        207: PRNG Output: 253
Cycle        208: PRNG Output:  97
Cycle        209: PRNG Output: 226
Cycle        210: PRNG Output:   4
Cycle        211: PRNG Output: 153
Cycle        212: PRNG Output: 243
Cycle        213: PRNG Output: 166
Cycle        214: PRNG Output:  20
Cycle        215: PRNG Output: 107
Cycle        216: PRNG Output: 156
Cycle        217: PRNG Output:  18
Cycle        218: PRNG Output:  49
Cycle        219: PRNG Output: 224
Cycle        220: PRNG Output: 112
Cycle        221: PRNG Output:  49
Cycle        222: PRNG Output: 117
Cycle        223: PRNG Output: 182
Cycle        224: PRNG Output: 214
Cycle        225: PRNG Output: 109
Cycle        226: PRNG Output: 203
Cycle        227: PRNG Output:  58
Cycle        228: PRNG Output: 222
Cycle        229: PRNG Output: 234
Cycle        230: PRNG Output: 233
Cycle        231: PRNG Output: 116
Cycle        232: PRNG Output: 206
Cycle        233: PRNG Output: 175
Cycle        234: PRNG Output: 190
Cycle        235: PRNG Output: 199
Cycle        236: PRNG Output: 236
Cycle        237: PRNG Output:  16
Cycle        238: PRNG Output:  62
Cycle        239: PRNG Output: 238
Cycle        240: PRNG Output: 169
Cycle        241: PRNG Output:  53
Cycle        242: PRNG Output: 118
Cycle        243: PRNG Output: 173
Cycle        244: PRNG Output:   9
Cycle        245: PRNG Output: 100
Cycle        246: PRNG Output: 214
Cycle        247: PRNG Output:   1
Cycle        248: PRNG Output:  13
Cycle        249: PRNG Output: 250
Cycle        250: PRNG Output: 198
Cycle        251: PRNG Output:  28
Cycle        252: PRNG Output:   5
Cycle        253: PRNG Output: 138
Cycle        254: PRNG Output: 239
Cycle        255: PRNG Output:  39
Cycle        256: PRNG Output:  20
Cycle        257: PRNG Output:  85
Cycle        258: PRNG Output: 170
Cycle        259: PRNG Output:  86
Cycle        260: PRNG Output:  55
Cycle        261: PRNG Output: 139
Cycle        262: PRNG Output:   7
Cycle        263: PRNG Output: 150
Cycle        264: PRNG Output: 116
Cycle        265: PRNG Output:  64
Cycle        266: PRNG Output:   2
Cycle        267: PRNG Output: 111
Cycle        268: PRNG Output: 210
Cycle        269: PRNG Output: 173
Cycle        270: PRNG Output:  31
Cycle        271: PRNG Output: 253
Cycle        272: PRNG Output: 206
Cycle        273: PRNG Output:  18
Cycle        274: PRNG Output:  41
Cycle        275: PRNG Output: 135
Cycle        276: PRNG Output: 254
Cycle        277: PRNG Output:  61
Cycle        278: PRNG Output:  88
Cycle        279: PRNG Output:  75
Cycle        280: PRNG Output: 136
Cycle        281: PRNG Output: 108
Cycle        282: PRNG Output: 141
Cycle        283: PRNG Output: 191
Cycle        284: PRNG Output:  69
Cycle        285: PRNG Output: 249
Cycle        286: PRNG Output:  85
Cycle        287: PRNG Output:  63
Cycle        288: PRNG Output: 163
Cycle        289: PRNG Output: 136
Cycle        290: PRNG Output: 149
Cycle        291: PRNG Output: 113
Cycle        292: PRNG Output:   4
Cycle        293: PRNG Output:  90
Cycle        294: PRNG Output:  97
Cycle        295: PRNG Output: 208
PRNG Output repeats after        295 cycles at time                 3040
